[debug] [2021-03-22T22:51:31.211Z] ----------------------------------------------------------------------
[debug] [2021-03-22T22:51:31.222Z] Command:       Y:\LOGICIELS\NodeJS\node.exe C:\Users\LBM\AppData\Roaming\npm\node_modules\firebase-tools\lib\bin\firebase.js emulators:start --only functions
[debug] [2021-03-22T22:51:31.224Z] CLI Version:   9.5.0
[debug] [2021-03-22T22:51:31.224Z] Platform:      win32
[debug] [2021-03-22T22:51:31.225Z] Node Version:  v12.18.3
[debug] [2021-03-22T22:51:31.297Z] Time:          Mon Mar 22 2021 23:51:31 GMT+0100 (GMT+01:00)
[debug] [2021-03-22T22:51:31.298Z] ----------------------------------------------------------------------
[debug] [2021-03-22T22:51:31.298Z] 
[debug] [2021-03-22T22:51:31.404Z] > command requires scopes: ["email","openid","https://www.googleapis.com/auth/cloudplatformprojects.readonly","https://www.googleapis.com/auth/firebase","https://www.googleapis.com/auth/cloud-platform"]
[debug] [2021-03-22T22:51:31.408Z] > authorizing via signed-in user
[info] i  emulators: Starting emulators: functions {"metadata":{"emulator":{"name":"hub"},"message":"Starting emulators: functions"}}
[debug] [2021-03-22T22:51:33.922Z] [hub] writing locator at C:\Users\LBM\AppData\Local\Temp\hub-shop-vue-c6c23.json
[warn] !  functions: The following emulators are not running, calls to these services from the Functions emulator will affect production: auth, firestore, database, hosting, pubsub {"metadata":{"emulator":{"name":"functions"},"message":"The following emulators are not running, calls to these services from the Functions emulator will affect production: \u001b[1mauth, firestore, database, hosting, pubsub\u001b[22m"}}
[info] +  functions: Using node@12 from host. {"metadata":{"emulator":{"name":"functions"},"message":"Using node@12 from host."}}
[debug] [2021-03-22T22:51:36.603Z] defaultcredentials: writing to file C:\Users\LBM\AppData\Roaming\firebase\kalia_fh.ks_gmail.com_application_default_credentials.json
[debug] [2021-03-22T22:51:36.734Z] Setting GAC to C:\Users\LBM\AppData\Roaming\firebase\kalia_fh.ks_gmail.com_application_default_credentials.json {"metadata":{"emulator":{"name":"functions"},"message":"Setting GAC to C:\\Users\\LBM\\AppData\\Roaming\\firebase\\kalia_fh.ks_gmail.com_application_default_credentials.json"}}
[debug] [2021-03-22T22:51:36.745Z] > refreshing access token with scopes: []
[debug] [2021-03-22T22:51:36.750Z] >>> HTTP REQUEST POST https://www.googleapis.com/oauth2/v3/token  
 <request body omitted>
[debug] [2021-03-22T22:51:36.835Z] <<< HTTP RESPONSE 200 {"date":"Mon, 22 Mar 2021 22:51:35 GMT","pragma":"no-cache","cache-control":"no-cache, no-store, max-age=0, must-revalidate","expires":"Mon, 01 Jan 1990 00:00:00 GMT","content-type":"application/json; charset=utf-8","vary":"X-Origin, Referer, Origin,Accept-Encoding","server":"scaffolding on HTTPServer2","x-xss-protection":"0","x-frame-options":"SAMEORIGIN","x-content-type-options":"nosniff","alt-svc":"h3-29=\":443\"; ma=2592000,h3-T051=\":443\"; ma=2592000,h3-Q050=\":443\"; ma=2592000,h3-Q046=\":443\"; ma=2592000,h3-Q043=\":443\"; ma=2592000,quic=\":443\"; ma=2592000; v=\"46,43\"","accept-ranges":"none","transfer-encoding":"chunked"}
[debug] [2021-03-22T22:51:36.941Z] >>> [apiv2][query] GET https://firebase.googleapis.com/v1beta1/projects/shop-vue-c6c23/adminSdkConfig [none]
[debug] [2021-03-22T22:51:37.297Z] <<< [apiv2][status] GET https://firebase.googleapis.com/v1beta1/projects/shop-vue-c6c23/adminSdkConfig 200
[debug] [2021-03-22T22:51:37.299Z] <<< [apiv2][body] GET https://firebase.googleapis.com/v1beta1/projects/shop-vue-c6c23/adminSdkConfig {"projectId":"shop-vue-c6c23","databaseURL":"https://shop-vue-c6c23.firebaseio.com","storageBucket":"shop-vue-c6c23.appspot.com","locationId":"europe-west"}
[info] i  ui: downloading ui-v1.4.2.zip... {"metadata":{"emulator":{"name":"ui"},"message":"downloading ui-v1.4.2.zip..."}}
[debug] [2021-03-22T22:51:41.599Z] >>> [apiv2][query] GET https://storage.googleapis.com/firebase-preview-drop/emulator/ui-v1.4.2.zip [none]
[debug] [2021-03-22T22:51:41.767Z] <<< [apiv2][status] GET https://storage.googleapis.com/firebase-preview-drop/emulator/ui-v1.4.2.zip 200
[debug] [2021-03-22T22:51:41.767Z] <<< [apiv2][body] GET https://storage.googleapis.com/firebase-preview-drop/emulator/ui-v1.4.2.zip [stream]
[debug] [2021-03-22T22:51:47.476Z] Ignoring unsupported arg: auto_download {"metadata":{"emulator":{"name":"ui"},"message":"Ignoring unsupported arg: auto_download"}}
[debug] [2021-03-22T22:51:47.477Z] Ignoring unsupported arg: port {"metadata":{"emulator":{"name":"ui"},"message":"Ignoring unsupported arg: port"}}
[debug] [2021-03-22T22:51:47.478Z] Starting Emulator UI with command {"binary":"node","args":["C:\\Users\\LBM\\.cache\\firebase\\emulators\\ui-v1.4.2\\server.bundle.js"],"optionalArgs":[],"joinArgs":false} {"metadata":{"emulator":{"name":"ui"},"message":"Starting Emulator UI with command {\"binary\":\"node\",\"args\":[\"C:\\\\Users\\\\LBM\\\\.cache\\\\firebase\\\\emulators\\\\ui-v1.4.2\\\\server.bundle.js\"],\"optionalArgs\":[],\"joinArgs\":false}"}}
[info] i  ui: Emulator UI logging to ui-debug.log {"metadata":{"emulator":{"name":"ui"},"message":"Emulator UI logging to \u001b[1mui-debug.log\u001b[22m"}}
[debug] [2021-03-22T22:51:48.674Z] Web / API server started at http://localhost:4000
 {"metadata":{"emulator":{"name":"ui"},"message":"Web / API server started at http://localhost:4000\n"}}
[info] i  functions: Watching "C:\Users\LBM\Desktop\web\VueJS\shopvue\functions" for Cloud Functions... {"metadata":{"emulator":{"name":"functions"},"message":"Watching \"C:\\Users\\LBM\\Desktop\\web\\VueJS\\shopvue\\functions\" for Cloud Functions..."}}
[debug] [2021-03-22T22:51:49.221Z] [worker-pool] addWorker(~diagnostic~) {"metadata":{"emulator":{"name":"functions"},"message":"[worker-pool] addWorker(~diagnostic~)"}}
[debug] [2021-03-22T22:51:49.222Z] [worker-pool] Adding worker with key ~diagnostic~, total=1 {"metadata":{"emulator":{"name":"functions"},"message":"[worker-pool] Adding worker with key ~diagnostic~, total=1"}}
[debug] [2021-03-22T22:51:49.223Z] [worker-pool] submitWork(triggerId=) {"metadata":{"emulator":{"name":"functions"},"message":"[worker-pool] submitWork(triggerId=)"}}
[debug] [2021-03-22T22:51:49.225Z] [worker-~diagnostic~-20f605c8-209d-4688-a4ad-120550f1fd54]: Assigning socketPath: \\?\pipe\C:\Users\LBM\Desktop\web\VueJS\shopvue\functions\6612 {"metadata":{"emulator":{"name":"functions"},"message":"[worker-~diagnostic~-20f605c8-209d-4688-a4ad-120550f1fd54]: Assigning socketPath: \\\\?\\pipe\\C:\\Users\\LBM\\Desktop\\web\\VueJS\\shopvue\\functions\\6612"}}
[debug] [2021-03-22T22:51:49.227Z] [worker-~diagnostic~-20f605c8-209d-4688-a4ad-120550f1fd54]: BUSY {"metadata":{"emulator":{"name":"functions"},"message":"[worker-~diagnostic~-20f605c8-209d-4688-a4ad-120550f1fd54]: BUSY"}}
[debug] [2021-03-22T22:51:51.060Z] [runtime-status] [6612] Functions runtime initialized. {"cwd":"C:\\Users\\LBM\\Desktop\\web\\VueJS\\shopvue\\functions","node_version":"12.18.3"} {"metadata":{"emulator":{"name":"functions"},"message":"[runtime-status] [6612] Functions runtime initialized. {\"cwd\":\"C:\\\\Users\\\\LBM\\\\Desktop\\\\web\\\\VueJS\\\\shopvue\\\\functions\",\"node_version\":\"12.18.3\"}"}}
[debug] [2021-03-22T22:51:51.062Z] [runtime-status] [6612] Disabled runtime features: undefined {"metadata":{"emulator":{"name":"functions"},"message":"[runtime-status] [6612] Disabled runtime features: undefined"}}
[debug] [2021-03-22T22:51:51.087Z] [runtime-status] [6612] Resolved module firebase-admin {"declared":true,"installed":true,"version":"9.5.0","resolution":"C:\\Users\\LBM\\Desktop\\web\\VueJS\\shopvue\\functions\\node_modules\\firebase-admin\\lib\\index.js"} {"metadata":{"emulator":{"name":"functions"},"message":"[runtime-status] [6612] Resolved module firebase-admin {\"declared\":true,\"installed\":true,\"version\":\"9.5.0\",\"resolution\":\"C:\\\\Users\\\\LBM\\\\Desktop\\\\web\\\\VueJS\\\\shopvue\\\\functions\\\\node_modules\\\\firebase-admin\\\\lib\\\\index.js\"}"}}
[debug] [2021-03-22T22:51:51.108Z] [runtime-status] [6612] Resolved module firebase-functions {"declared":true,"installed":true,"version":"3.13.2","resolution":"C:\\Users\\LBM\\Desktop\\web\\VueJS\\shopvue\\functions\\node_modules\\firebase-functions\\lib\\index.js"} {"metadata":{"emulator":{"name":"functions"},"message":"[runtime-status] [6612] Resolved module firebase-functions {\"declared\":true,\"installed\":true,\"version\":\"3.13.2\",\"resolution\":\"C:\\\\Users\\\\LBM\\\\Desktop\\\\web\\\\VueJS\\\\shopvue\\\\functions\\\\node_modules\\\\firebase-functions\\\\lib\\\\index.js\"}"}}
[debug] [2021-03-22T22:51:51.115Z] [runtime-status] [6612] Resolved module firebase-functions {"declared":true,"installed":true,"version":"3.13.2","resolution":"C:\\Users\\LBM\\Desktop\\web\\VueJS\\shopvue\\functions\\node_modules\\firebase-functions\\lib\\index.js"} {"metadata":{"emulator":{"name":"functions"},"message":"[runtime-status] [6612] Resolved module firebase-functions {\"declared\":true,\"installed\":true,\"version\":\"3.13.2\",\"resolution\":\"C:\\\\Users\\\\LBM\\\\Desktop\\\\web\\\\VueJS\\\\shopvue\\\\functions\\\\node_modules\\\\firebase-functions\\\\lib\\\\index.js\"}"}}
[debug] [2021-03-22T22:51:51.125Z] [runtime-status] [6612] Outgoing network have been stubbed. [{"name":"http","status":"mocked"},{"name":"http","status":"mocked"},{"name":"https","status":"mocked"},{"name":"https","status":"mocked"},{"name":"net","status":"mocked"}] {"metadata":{"emulator":{"name":"functions"},"message":"[runtime-status] [6612] Outgoing network have been stubbed. [{\"name\":\"http\",\"status\":\"mocked\"},{\"name\":\"http\",\"status\":\"mocked\"},{\"name\":\"https\",\"status\":\"mocked\"},{\"name\":\"https\",\"status\":\"mocked\"},{\"name\":\"net\",\"status\":\"mocked\"}]"}}
[debug] [2021-03-22T22:51:51.127Z] [runtime-status] [6612] Resolved module firebase-functions {"declared":true,"installed":true,"version":"3.13.2","resolution":"C:\\Users\\LBM\\Desktop\\web\\VueJS\\shopvue\\functions\\node_modules\\firebase-functions\\lib\\index.js"} {"metadata":{"emulator":{"name":"functions"},"message":"[runtime-status] [6612] Resolved module firebase-functions {\"declared\":true,\"installed\":true,\"version\":\"3.13.2\",\"resolution\":\"C:\\\\Users\\\\LBM\\\\Desktop\\\\web\\\\VueJS\\\\shopvue\\\\functions\\\\node_modules\\\\firebase-functions\\\\lib\\\\index.js\"}"}}
[debug] [2021-03-22T22:51:52.116Z] [runtime-status] [6612] Checked functions.config() {"config":{}} {"metadata":{"emulator":{"name":"functions"},"message":"[runtime-status] [6612] Checked functions.config() {\"config\":{}}"}}
[debug] [2021-03-22T22:51:52.118Z] [runtime-status] [6612] firebase-functions has been stubbed. {"functionsResolution":{"declared":true,"installed":true,"version":"3.13.2","resolution":"C:\\Users\\LBM\\Desktop\\web\\VueJS\\shopvue\\functions\\node_modules\\firebase-functions\\lib\\index.js"}} {"metadata":{"emulator":{"name":"functions"},"message":"[runtime-status] [6612] firebase-functions has been stubbed. {\"functionsResolution\":{\"declared\":true,\"installed\":true,\"version\":\"3.13.2\",\"resolution\":\"C:\\\\Users\\\\LBM\\\\Desktop\\\\web\\\\VueJS\\\\shopvue\\\\functions\\\\node_modules\\\\firebase-functions\\\\lib\\\\index.js\"}}"}}
[debug] [2021-03-22T22:51:52.120Z] [runtime-status] [6612] Resolved module firebase-functions {"declared":true,"installed":true,"version":"3.13.2","resolution":"C:\\Users\\LBM\\Desktop\\web\\VueJS\\shopvue\\functions\\node_modules\\firebase-functions\\lib\\index.js"} {"metadata":{"emulator":{"name":"functions"},"message":"[runtime-status] [6612] Resolved module firebase-functions {\"declared\":true,\"installed\":true,\"version\":\"3.13.2\",\"resolution\":\"C:\\\\Users\\\\LBM\\\\Desktop\\\\web\\\\VueJS\\\\shopvue\\\\functions\\\\node_modules\\\\firebase-functions\\\\lib\\\\index.js\"}"}}
[debug] [2021-03-22T22:51:52.122Z] [runtime-status] [6612] Resolved module firebase-admin {"declared":true,"installed":true,"version":"9.5.0","resolution":"C:\\Users\\LBM\\Desktop\\web\\VueJS\\shopvue\\functions\\node_modules\\firebase-admin\\lib\\index.js"} {"metadata":{"emulator":{"name":"functions"},"message":"[runtime-status] [6612] Resolved module firebase-admin {\"declared\":true,\"installed\":true,\"version\":\"9.5.0\",\"resolution\":\"C:\\\\Users\\\\LBM\\\\Desktop\\\\web\\\\VueJS\\\\shopvue\\\\functions\\\\node_modules\\\\firebase-admin\\\\lib\\\\index.js\"}"}}
[debug] [2021-03-22T22:51:52.124Z] [runtime-status] [6612] Resolved module firebase-functions {"declared":true,"installed":true,"version":"3.13.2","resolution":"C:\\Users\\LBM\\Desktop\\web\\VueJS\\shopvue\\functions\\node_modules\\firebase-functions\\lib\\index.js"} {"metadata":{"emulator":{"name":"functions"},"message":"[runtime-status] [6612] Resolved module firebase-functions {\"declared\":true,\"installed\":true,\"version\":\"3.13.2\",\"resolution\":\"C:\\\\Users\\\\LBM\\\\Desktop\\\\web\\\\VueJS\\\\shopvue\\\\functions\\\\node_modules\\\\firebase-functions\\\\lib\\\\index.js\"}"}}
[debug] [2021-03-22T22:51:52.126Z] [runtime-status] [6612] firebase-admin has been stubbed. {"adminResolution":{"declared":true,"installed":true,"version":"9.5.0","resolution":"C:\\Users\\LBM\\Desktop\\web\\VueJS\\shopvue\\functions\\node_modules\\firebase-admin\\lib\\index.js"}} {"metadata":{"emulator":{"name":"functions"},"message":"[runtime-status] [6612] firebase-admin has been stubbed. {\"adminResolution\":{\"declared\":true,\"installed\":true,\"version\":\"9.5.0\",\"resolution\":\"C:\\\\Users\\\\LBM\\\\Desktop\\\\web\\\\VueJS\\\\shopvue\\\\functions\\\\node_modules\\\\firebase-admin\\\\lib\\\\index.js\"}}"}}
[info] +  functions[CheckoutSession]: http function initialized (http://localhost:5001/shop-vue-c6c23/us-central1/CheckoutSession). {"metadata":{"emulator":{"name":"functions"},"message":"\u001b[1mhttp\u001b[22m function initialized (http://localhost:5001/shop-vue-c6c23/us-central1/CheckoutSession)."}}
[info] 
┌─────────────────────────────────────────────────────────────┐
│ ✔  All emulators ready! It is now safe to connect your app. │
│ i  View Emulator UI at http://localhost:4000                │
└─────────────────────────────────────────────────────────────┘

┌───────────┬────────────────┬─────────────────────────────────┐
│ Emulator  │ Host:Port      │ View in Emulator UI             │
├───────────┼────────────────┼─────────────────────────────────┤
│ Functions │ localhost:5001 │ http://localhost:4000/functions │
└───────────┴────────────────┴─────────────────────────────────┘
  Emulator Hub running at localhost:4400
  Other reserved ports: 4500

Issues? Report them at https://github.com/firebase/firebase-tools/issues and attach the *-debug.log files.
 
[debug] [2021-03-22T22:51:53.084Z] [worker-~diagnostic~-20f605c8-209d-4688-a4ad-120550f1fd54]: IDLE {"metadata":{"emulator":{"name":"functions"},"message":"[worker-~diagnostic~-20f605c8-209d-4688-a4ad-120550f1fd54]: IDLE"}}
