[debug] [2021-04-10T21:51:32.564Z] ----------------------------------------------------------------------
[debug] [2021-04-10T21:51:32.582Z] Command:       Y:\LOGICIELS\NodeJS\node.exe C:\Users\LBM\AppData\Roaming\npm\node_modules\firebase-tools\lib\bin\firebase.js serve --only functions
[debug] [2021-04-10T21:51:32.584Z] CLI Version:   9.5.0
[debug] [2021-04-10T21:51:32.585Z] Platform:      win32
[debug] [2021-04-10T21:51:32.586Z] Node Version:  v12.18.3
[debug] [2021-04-10T21:51:32.682Z] Time:          Sat Apr 10 2021 23:51:32 GMT+0200 (GMT+02:00)
[debug] [2021-04-10T21:51:32.684Z] ----------------------------------------------------------------------
[debug] [2021-04-10T21:51:32.685Z] 
[debug] [2021-04-10T21:51:32.824Z] > command requires scopes: ["email","openid","https://www.googleapis.com/auth/cloudplatformprojects.readonly","https://www.googleapis.com/auth/firebase","https://www.googleapis.com/auth/cloud-platform"]
[debug] [2021-04-10T21:51:32.828Z] > authorizing via signed-in user
[debug] [2021-04-10T21:51:32.830Z] [iam] checking project shop-vue-c6c23 for permissions ["firebase.projects.get"]
[debug] [2021-04-10T21:51:32.848Z] > refreshing access token with scopes: ["email","https://www.googleapis.com/auth/cloud-platform","https://www.googleapis.com/auth/cloudplatformprojects.readonly","https://www.googleapis.com/auth/firebase","openid"]
[debug] [2021-04-10T21:51:32.850Z] >>> HTTP REQUEST POST https://www.googleapis.com/oauth2/v3/token  
 <request body omitted>
[debug] [2021-04-10T21:51:33.205Z] <<< HTTP RESPONSE 200 {"pragma":"no-cache","cache-control":"no-cache, no-store, max-age=0, must-revalidate","date":"Sat, 10 Apr 2021 21:51:33 GMT","expires":"Mon, 01 Jan 1990 00:00:00 GMT","content-type":"application/json; charset=utf-8","vary":"X-Origin, Referer, Origin,Accept-Encoding","server":"scaffolding on HTTPServer2","x-xss-protection":"0","x-frame-options":"SAMEORIGIN","x-content-type-options":"nosniff","alt-svc":"h3-29=\":443\"; ma=2592000,h3-T051=\":443\"; ma=2592000,h3-Q050=\":443\"; ma=2592000,h3-Q046=\":443\"; ma=2592000,h3-Q043=\":443\"; ma=2592000,quic=\":443\"; ma=2592000; v=\"46,43\"","accept-ranges":"none","transfer-encoding":"chunked"}
[debug] [2021-04-10T21:51:33.277Z] >>> HTTP REQUEST POST https://cloudresourcemanager.googleapis.com/v1/projects/shop-vue-c6c23:testIamPermissions  
 {"permissions":["firebase.projects.get"]}
[debug] [2021-04-10T21:51:33.911Z] <<< HTTP RESPONSE 200 {"content-type":"application/json; charset=UTF-8","vary":"X-Origin, Referer, Origin,Accept-Encoding","date":"Sat, 10 Apr 2021 21:51:34 GMT","server":"ESF","cache-control":"private","x-xss-protection":"0","x-frame-options":"SAMEORIGIN","x-content-type-options":"nosniff","server-timing":"gfet4t7; dur=561","alt-svc":"h3-29=\":443\"; ma=2592000,h3-T051=\":443\"; ma=2592000,h3-Q050=\":443\"; ma=2592000,h3-Q046=\":443\"; ma=2592000,h3-Q043=\":443\"; ma=2592000,quic=\":443\"; ma=2592000; v=\"46,43\"","accept-ranges":"none","transfer-encoding":"chunked"}
[debug] [2021-04-10T21:51:33.922Z] > refreshing access token with scopes: []
[debug] [2021-04-10T21:51:33.924Z] >>> HTTP REQUEST POST https://www.googleapis.com/oauth2/v3/token  
 <request body omitted>
[debug] [2021-04-10T21:51:34.002Z] <<< HTTP RESPONSE 200 {"date":"Sat, 10 Apr 2021 21:51:34 GMT","cache-control":"no-cache, no-store, max-age=0, must-revalidate","expires":"Mon, 01 Jan 1990 00:00:00 GMT","pragma":"no-cache","content-type":"application/json; charset=utf-8","vary":"X-Origin, Referer, Origin,Accept-Encoding","server":"scaffolding on HTTPServer2","x-xss-protection":"0","x-frame-options":"SAMEORIGIN","x-content-type-options":"nosniff","alt-svc":"h3-29=\":443\"; ma=2592000,h3-T051=\":443\"; ma=2592000,h3-Q050=\":443\"; ma=2592000,h3-Q046=\":443\"; ma=2592000,h3-Q043=\":443\"; ma=2592000,quic=\":443\"; ma=2592000; v=\"46,43\"","accept-ranges":"none","transfer-encoding":"chunked"}
[debug] [2021-04-10T21:51:34.070Z] >>> [apiv2][query] GET https://firebase.googleapis.com/v1beta1/projects/shop-vue-c6c23 [none]
[debug] [2021-04-10T21:51:34.460Z] <<< [apiv2][status] GET https://firebase.googleapis.com/v1beta1/projects/shop-vue-c6c23 200
[debug] [2021-04-10T21:51:34.463Z] <<< [apiv2][body] GET https://firebase.googleapis.com/v1beta1/projects/shop-vue-c6c23 {"projectId":"shop-vue-c6c23","projectNumber":"786061405001","displayName":"shop-vue","name":"projects/shop-vue-c6c23","resources":{"hostingSite":"shop-vue-c6c23","realtimeDatabaseInstance":"shop-vue-c6c23","storageBucket":"shop-vue-c6c23.appspot.com","locationId":"europe-west"},"state":"ACTIVE"}
[info] +  functions: Using node@12 from host. {"metadata":{"emulator":{"name":"functions"},"message":"Using node@12 from host."}}
[debug] [2021-04-10T21:51:36.633Z] defaultcredentials: writing to file C:\Users\LBM\AppData\Roaming\firebase\kalia_fh.ks_gmail.com_application_default_credentials.json
[debug] [2021-04-10T21:51:36.652Z] Setting GAC to C:\Users\LBM\AppData\Roaming\firebase\kalia_fh.ks_gmail.com_application_default_credentials.json {"metadata":{"emulator":{"name":"functions"},"message":"Setting GAC to C:\\Users\\LBM\\AppData\\Roaming\\firebase\\kalia_fh.ks_gmail.com_application_default_credentials.json"}}
[debug] [2021-04-10T21:51:36.657Z] >>> [apiv2][query] GET https://firebase.googleapis.com/v1beta1/projects/shop-vue-c6c23/adminSdkConfig [none]
[debug] [2021-04-10T21:51:37.028Z] <<< [apiv2][status] GET https://firebase.googleapis.com/v1beta1/projects/shop-vue-c6c23/adminSdkConfig 200
[debug] [2021-04-10T21:51:37.029Z] <<< [apiv2][body] GET https://firebase.googleapis.com/v1beta1/projects/shop-vue-c6c23/adminSdkConfig {"projectId":"shop-vue-c6c23","databaseURL":"https://shop-vue-c6c23.firebaseio.com","storageBucket":"shop-vue-c6c23.appspot.com","locationId":"europe-west"}
[info] i  functions: Watching "C:\Users\LBM\Desktop\web\VueJS\shopvue\functions" for Cloud Functions... {"metadata":{"emulator":{"name":"functions"},"message":"Watching \"C:\\Users\\LBM\\Desktop\\web\\VueJS\\shopvue\\functions\" for Cloud Functions..."}}
[debug] [2021-04-10T21:51:37.749Z] [worker-pool] addWorker(~diagnostic~) {"metadata":{"emulator":{"name":"functions"},"message":"[worker-pool] addWorker(~diagnostic~)"}}
[debug] [2021-04-10T21:51:37.751Z] [worker-pool] Adding worker with key ~diagnostic~, total=1 {"metadata":{"emulator":{"name":"functions"},"message":"[worker-pool] Adding worker with key ~diagnostic~, total=1"}}
[debug] [2021-04-10T21:51:37.754Z] [worker-pool] submitWork(triggerId=) {"metadata":{"emulator":{"name":"functions"},"message":"[worker-pool] submitWork(triggerId=)"}}
[debug] [2021-04-10T21:51:37.758Z] [worker-~diagnostic~-d0a76d7d-c267-47ee-b0c2-3f4dec136c56]: Assigning socketPath: \\?\pipe\C:\Users\LBM\Desktop\web\VueJS\shopvue\functions\8836 {"metadata":{"emulator":{"name":"functions"},"message":"[worker-~diagnostic~-d0a76d7d-c267-47ee-b0c2-3f4dec136c56]: Assigning socketPath: \\\\?\\pipe\\C:\\Users\\LBM\\Desktop\\web\\VueJS\\shopvue\\functions\\8836"}}
[debug] [2021-04-10T21:51:37.764Z] [worker-~diagnostic~-d0a76d7d-c267-47ee-b0c2-3f4dec136c56]: BUSY {"metadata":{"emulator":{"name":"functions"},"message":"[worker-~diagnostic~-d0a76d7d-c267-47ee-b0c2-3f4dec136c56]: BUSY"}}
[debug] [2021-04-10T21:51:39.875Z] [runtime-status] [8836] Functions runtime initialized. {"cwd":"C:\\Users\\LBM\\Desktop\\web\\VueJS\\shopvue\\functions","node_version":"12.18.3"} {"metadata":{"emulator":{"name":"functions"},"message":"[runtime-status] [8836] Functions runtime initialized. {\"cwd\":\"C:\\\\Users\\\\LBM\\\\Desktop\\\\web\\\\VueJS\\\\shopvue\\\\functions\",\"node_version\":\"12.18.3\"}"}}
[debug] [2021-04-10T21:51:39.881Z] [runtime-status] [8836] Disabled runtime features: undefined {"metadata":{"emulator":{"name":"functions"},"message":"[runtime-status] [8836] Disabled runtime features: undefined"}}
[debug] [2021-04-10T21:51:39.939Z] [runtime-status] [8836] Resolved module firebase-admin {"declared":true,"installed":true,"version":"9.5.0","resolution":"C:\\Users\\LBM\\Desktop\\web\\VueJS\\shopvue\\functions\\node_modules\\firebase-admin\\lib\\index.js"} {"metadata":{"emulator":{"name":"functions"},"message":"[runtime-status] [8836] Resolved module firebase-admin {\"declared\":true,\"installed\":true,\"version\":\"9.5.0\",\"resolution\":\"C:\\\\Users\\\\LBM\\\\Desktop\\\\web\\\\VueJS\\\\shopvue\\\\functions\\\\node_modules\\\\firebase-admin\\\\lib\\\\index.js\"}"}}
[debug] [2021-04-10T21:51:39.960Z] [runtime-status] [8836] Resolved module firebase-functions {"declared":true,"installed":true,"version":"3.13.2","resolution":"C:\\Users\\LBM\\Desktop\\web\\VueJS\\shopvue\\functions\\node_modules\\firebase-functions\\lib\\index.js"} {"metadata":{"emulator":{"name":"functions"},"message":"[runtime-status] [8836] Resolved module firebase-functions {\"declared\":true,\"installed\":true,\"version\":\"3.13.2\",\"resolution\":\"C:\\\\Users\\\\LBM\\\\Desktop\\\\web\\\\VueJS\\\\shopvue\\\\functions\\\\node_modules\\\\firebase-functions\\\\lib\\\\index.js\"}"}}
[debug] [2021-04-10T21:51:39.972Z] [runtime-status] [8836] Resolved module firebase-functions {"declared":true,"installed":true,"version":"3.13.2","resolution":"C:\\Users\\LBM\\Desktop\\web\\VueJS\\shopvue\\functions\\node_modules\\firebase-functions\\lib\\index.js"} {"metadata":{"emulator":{"name":"functions"},"message":"[runtime-status] [8836] Resolved module firebase-functions {\"declared\":true,\"installed\":true,\"version\":\"3.13.2\",\"resolution\":\"C:\\\\Users\\\\LBM\\\\Desktop\\\\web\\\\VueJS\\\\shopvue\\\\functions\\\\node_modules\\\\firebase-functions\\\\lib\\\\index.js\"}"}}
[debug] [2021-04-10T21:51:39.986Z] [runtime-status] [8836] Outgoing network have been stubbed. [{"name":"http","status":"mocked"},{"name":"http","status":"mocked"},{"name":"https","status":"mocked"},{"name":"https","status":"mocked"},{"name":"net","status":"mocked"}] {"metadata":{"emulator":{"name":"functions"},"message":"[runtime-status] [8836] Outgoing network have been stubbed. [{\"name\":\"http\",\"status\":\"mocked\"},{\"name\":\"http\",\"status\":\"mocked\"},{\"name\":\"https\",\"status\":\"mocked\"},{\"name\":\"https\",\"status\":\"mocked\"},{\"name\":\"net\",\"status\":\"mocked\"}]"}}
[debug] [2021-04-10T21:51:39.991Z] [runtime-status] [8836] Resolved module firebase-functions {"declared":true,"installed":true,"version":"3.13.2","resolution":"C:\\Users\\LBM\\Desktop\\web\\VueJS\\shopvue\\functions\\node_modules\\firebase-functions\\lib\\index.js"} {"metadata":{"emulator":{"name":"functions"},"message":"[runtime-status] [8836] Resolved module firebase-functions {\"declared\":true,\"installed\":true,\"version\":\"3.13.2\",\"resolution\":\"C:\\\\Users\\\\LBM\\\\Desktop\\\\web\\\\VueJS\\\\shopvue\\\\functions\\\\node_modules\\\\firebase-functions\\\\lib\\\\index.js\"}"}}
[debug] [2021-04-10T21:51:40.583Z] [runtime-status] [8836] Checked functions.config() {"config":{}} {"metadata":{"emulator":{"name":"functions"},"message":"[runtime-status] [8836] Checked functions.config() {\"config\":{}}"}}
[debug] [2021-04-10T21:51:40.586Z] [runtime-status] [8836] firebase-functions has been stubbed. {"functionsResolution":{"declared":true,"installed":true,"version":"3.13.2","resolution":"C:\\Users\\LBM\\Desktop\\web\\VueJS\\shopvue\\functions\\node_modules\\firebase-functions\\lib\\index.js"}} {"metadata":{"emulator":{"name":"functions"},"message":"[runtime-status] [8836] firebase-functions has been stubbed. {\"functionsResolution\":{\"declared\":true,\"installed\":true,\"version\":\"3.13.2\",\"resolution\":\"C:\\\\Users\\\\LBM\\\\Desktop\\\\web\\\\VueJS\\\\shopvue\\\\functions\\\\node_modules\\\\firebase-functions\\\\lib\\\\index.js\"}}"}}
[debug] [2021-04-10T21:51:40.592Z] [runtime-status] [8836] Resolved module firebase-functions {"declared":true,"installed":true,"version":"3.13.2","resolution":"C:\\Users\\LBM\\Desktop\\web\\VueJS\\shopvue\\functions\\node_modules\\firebase-functions\\lib\\index.js"} {"metadata":{"emulator":{"name":"functions"},"message":"[runtime-status] [8836] Resolved module firebase-functions {\"declared\":true,\"installed\":true,\"version\":\"3.13.2\",\"resolution\":\"C:\\\\Users\\\\LBM\\\\Desktop\\\\web\\\\VueJS\\\\shopvue\\\\functions\\\\node_modules\\\\firebase-functions\\\\lib\\\\index.js\"}"}}
[debug] [2021-04-10T21:51:40.607Z] [runtime-status] [8836] Resolved module firebase-admin {"declared":true,"installed":true,"version":"9.5.0","resolution":"C:\\Users\\LBM\\Desktop\\web\\VueJS\\shopvue\\functions\\node_modules\\firebase-admin\\lib\\index.js"} {"metadata":{"emulator":{"name":"functions"},"message":"[runtime-status] [8836] Resolved module firebase-admin {\"declared\":true,\"installed\":true,\"version\":\"9.5.0\",\"resolution\":\"C:\\\\Users\\\\LBM\\\\Desktop\\\\web\\\\VueJS\\\\shopvue\\\\functions\\\\node_modules\\\\firebase-admin\\\\lib\\\\index.js\"}"}}
[debug] [2021-04-10T21:51:40.616Z] [runtime-status] [8836] Resolved module firebase-functions {"declared":true,"installed":true,"version":"3.13.2","resolution":"C:\\Users\\LBM\\Desktop\\web\\VueJS\\shopvue\\functions\\node_modules\\firebase-functions\\lib\\index.js"} {"metadata":{"emulator":{"name":"functions"},"message":"[runtime-status] [8836] Resolved module firebase-functions {\"declared\":true,\"installed\":true,\"version\":\"3.13.2\",\"resolution\":\"C:\\\\Users\\\\LBM\\\\Desktop\\\\web\\\\VueJS\\\\shopvue\\\\functions\\\\node_modules\\\\firebase-functions\\\\lib\\\\index.js\"}"}}
[debug] [2021-04-10T21:51:40.619Z] [runtime-status] [8836] firebase-admin has been stubbed. {"adminResolution":{"declared":true,"installed":true,"version":"9.5.0","resolution":"C:\\Users\\LBM\\Desktop\\web\\VueJS\\shopvue\\functions\\node_modules\\firebase-admin\\lib\\index.js"}} {"metadata":{"emulator":{"name":"functions"},"message":"[runtime-status] [8836] firebase-admin has been stubbed. {\"adminResolution\":{\"declared\":true,\"installed\":true,\"version\":\"9.5.0\",\"resolution\":\"C:\\\\Users\\\\LBM\\\\Desktop\\\\web\\\\VueJS\\\\shopvue\\\\functions\\\\node_modules\\\\firebase-admin\\\\lib\\\\index.js\"}}"}}
[info] +  functions[CheckoutSession]: http function initialized (http://localhost:5000/shop-vue-c6c23/us-central1/CheckoutSession). {"metadata":{"emulator":{"name":"functions"},"message":"\u001b[1mhttp\u001b[22m function initialized (http://localhost:5000/shop-vue-c6c23/us-central1/CheckoutSession)."}}
[debug] [2021-04-10T21:51:41.479Z] [worker-~diagnostic~-d0a76d7d-c267-47ee-b0c2-3f4dec136c56]: IDLE {"metadata":{"emulator":{"name":"functions"},"message":"[worker-~diagnostic~-d0a76d7d-c267-47ee-b0c2-3f4dec136c56]: IDLE"}}
[debug] [2021-04-10T21:57:01.780Z] File C:\Users\LBM\Desktop\web\VueJS\shopvue\functions\index.js changed, reloading triggers {"metadata":{"emulator":{"name":"functions"},"message":"File C:\\Users\\LBM\\Desktop\\web\\VueJS\\shopvue\\functions\\index.js changed, reloading triggers"}}
[debug] [2021-04-10T21:57:02.264Z] File C:\Users\LBM\Desktop\web\VueJS\shopvue\functions\dist\index.dev.js changed, reloading triggers {"metadata":{"emulator":{"name":"functions"},"message":"File C:\\Users\\LBM\\Desktop\\web\\VueJS\\shopvue\\functions\\dist\\index.dev.js changed, reloading triggers"}}
[debug] [2021-04-10T21:57:03.310Z] [worker-pool] Shutting down IDLE worker (~diagnostic~) {"metadata":{"emulator":{"name":"functions"},"message":"[worker-pool] Shutting down IDLE worker (~diagnostic~)"}}
[debug] [2021-04-10T21:57:03.312Z] [worker-~diagnostic~-d0a76d7d-c267-47ee-b0c2-3f4dec136c56]: FINISHING {"metadata":{"emulator":{"name":"functions"},"message":"[worker-~diagnostic~-d0a76d7d-c267-47ee-b0c2-3f4dec136c56]: FINISHING"}}
[debug] [2021-04-10T21:57:03.415Z] [worker-pool] addWorker(~diagnostic~) {"metadata":{"emulator":{"name":"functions"},"message":"[worker-pool] addWorker(~diagnostic~)"}}
[debug] [2021-04-10T21:57:03.416Z] [worker-pool] Adding worker with key ~diagnostic~, total=2 {"metadata":{"emulator":{"name":"functions"},"message":"[worker-pool] Adding worker with key ~diagnostic~, total=2"}}
[debug] [2021-04-10T21:57:03.417Z] [worker-pool] submitWork(triggerId=) {"metadata":{"emulator":{"name":"functions"},"message":"[worker-pool] submitWork(triggerId=)"}}
[debug] [2021-04-10T21:57:03.476Z] [worker-~diagnostic~-0df21a40-c29d-4f81-a0d8-4a2af94e3fed]: Assigning socketPath: \\?\pipe\C:\Users\LBM\Desktop\web\VueJS\shopvue\functions\9064 {"metadata":{"emulator":{"name":"functions"},"message":"[worker-~diagnostic~-0df21a40-c29d-4f81-a0d8-4a2af94e3fed]: Assigning socketPath: \\\\?\\pipe\\C:\\Users\\LBM\\Desktop\\web\\VueJS\\shopvue\\functions\\9064"}}
[debug] [2021-04-10T21:57:03.477Z] [worker-~diagnostic~-0df21a40-c29d-4f81-a0d8-4a2af94e3fed]: BUSY {"metadata":{"emulator":{"name":"functions"},"message":"[worker-~diagnostic~-0df21a40-c29d-4f81-a0d8-4a2af94e3fed]: BUSY"}}
[debug] [2021-04-10T21:57:03.510Z] [worker-~diagnostic~-d0a76d7d-c267-47ee-b0c2-3f4dec136c56]: exited {"metadata":{"emulator":{"name":"functions"},"message":"[worker-~diagnostic~-d0a76d7d-c267-47ee-b0c2-3f4dec136c56]: exited"}}
[debug] [2021-04-10T21:57:03.512Z] [worker-~diagnostic~-d0a76d7d-c267-47ee-b0c2-3f4dec136c56]: FINISHED {"metadata":{"emulator":{"name":"functions"},"message":"[worker-~diagnostic~-d0a76d7d-c267-47ee-b0c2-3f4dec136c56]: FINISHED"}}
[debug] [2021-04-10T21:57:09.865Z] [runtime-status] [9064] Functions runtime initialized. {"cwd":"C:\\Users\\LBM\\Desktop\\web\\VueJS\\shopvue\\functions","node_version":"12.18.3"} {"metadata":{"emulator":{"name":"functions"},"message":"[runtime-status] [9064] Functions runtime initialized. {\"cwd\":\"C:\\\\Users\\\\LBM\\\\Desktop\\\\web\\\\VueJS\\\\shopvue\\\\functions\",\"node_version\":\"12.18.3\"}"}}
[debug] [2021-04-10T21:57:09.876Z] [runtime-status] [9064] Disabled runtime features: undefined {"metadata":{"emulator":{"name":"functions"},"message":"[runtime-status] [9064] Disabled runtime features: undefined"}}
[debug] [2021-04-10T21:57:09.940Z] [runtime-status] [9064] Resolved module firebase-admin {"declared":true,"installed":true,"version":"9.5.0","resolution":"C:\\Users\\LBM\\Desktop\\web\\VueJS\\shopvue\\functions\\node_modules\\firebase-admin\\lib\\index.js"} {"metadata":{"emulator":{"name":"functions"},"message":"[runtime-status] [9064] Resolved module firebase-admin {\"declared\":true,\"installed\":true,\"version\":\"9.5.0\",\"resolution\":\"C:\\\\Users\\\\LBM\\\\Desktop\\\\web\\\\VueJS\\\\shopvue\\\\functions\\\\node_modules\\\\firebase-admin\\\\lib\\\\index.js\"}"}}
[debug] [2021-04-10T21:57:09.977Z] [runtime-status] [9064] Resolved module firebase-functions {"declared":true,"installed":true,"version":"3.13.2","resolution":"C:\\Users\\LBM\\Desktop\\web\\VueJS\\shopvue\\functions\\node_modules\\firebase-functions\\lib\\index.js"} {"metadata":{"emulator":{"name":"functions"},"message":"[runtime-status] [9064] Resolved module firebase-functions {\"declared\":true,\"installed\":true,\"version\":\"3.13.2\",\"resolution\":\"C:\\\\Users\\\\LBM\\\\Desktop\\\\web\\\\VueJS\\\\shopvue\\\\functions\\\\node_modules\\\\firebase-functions\\\\lib\\\\index.js\"}"}}
[debug] [2021-04-10T21:57:09.987Z] [runtime-status] [9064] Resolved module firebase-functions {"declared":true,"installed":true,"version":"3.13.2","resolution":"C:\\Users\\LBM\\Desktop\\web\\VueJS\\shopvue\\functions\\node_modules\\firebase-functions\\lib\\index.js"} {"metadata":{"emulator":{"name":"functions"},"message":"[runtime-status] [9064] Resolved module firebase-functions {\"declared\":true,\"installed\":true,\"version\":\"3.13.2\",\"resolution\":\"C:\\\\Users\\\\LBM\\\\Desktop\\\\web\\\\VueJS\\\\shopvue\\\\functions\\\\node_modules\\\\firebase-functions\\\\lib\\\\index.js\"}"}}
[debug] [2021-04-10T21:57:10.000Z] [runtime-status] [9064] Outgoing network have been stubbed. [{"name":"http","status":"mocked"},{"name":"http","status":"mocked"},{"name":"https","status":"mocked"},{"name":"https","status":"mocked"},{"name":"net","status":"mocked"}] {"metadata":{"emulator":{"name":"functions"},"message":"[runtime-status] [9064] Outgoing network have been stubbed. [{\"name\":\"http\",\"status\":\"mocked\"},{\"name\":\"http\",\"status\":\"mocked\"},{\"name\":\"https\",\"status\":\"mocked\"},{\"name\":\"https\",\"status\":\"mocked\"},{\"name\":\"net\",\"status\":\"mocked\"}]"}}
[debug] [2021-04-10T21:57:10.007Z] [runtime-status] [9064] Resolved module firebase-functions {"declared":true,"installed":true,"version":"3.13.2","resolution":"C:\\Users\\LBM\\Desktop\\web\\VueJS\\shopvue\\functions\\node_modules\\firebase-functions\\lib\\index.js"} {"metadata":{"emulator":{"name":"functions"},"message":"[runtime-status] [9064] Resolved module firebase-functions {\"declared\":true,\"installed\":true,\"version\":\"3.13.2\",\"resolution\":\"C:\\\\Users\\\\LBM\\\\Desktop\\\\web\\\\VueJS\\\\shopvue\\\\functions\\\\node_modules\\\\firebase-functions\\\\lib\\\\index.js\"}"}}
[debug] [2021-04-10T21:57:11.433Z] [runtime-status] [9064] Checked functions.config() {"config":{}} {"metadata":{"emulator":{"name":"functions"},"message":"[runtime-status] [9064] Checked functions.config() {\"config\":{}}"}}
[debug] [2021-04-10T21:57:11.435Z] [runtime-status] [9064] firebase-functions has been stubbed. {"functionsResolution":{"declared":true,"installed":true,"version":"3.13.2","resolution":"C:\\Users\\LBM\\Desktop\\web\\VueJS\\shopvue\\functions\\node_modules\\firebase-functions\\lib\\index.js"}} {"metadata":{"emulator":{"name":"functions"},"message":"[runtime-status] [9064] firebase-functions has been stubbed. {\"functionsResolution\":{\"declared\":true,\"installed\":true,\"version\":\"3.13.2\",\"resolution\":\"C:\\\\Users\\\\LBM\\\\Desktop\\\\web\\\\VueJS\\\\shopvue\\\\functions\\\\node_modules\\\\firebase-functions\\\\lib\\\\index.js\"}}"}}
[debug] [2021-04-10T21:57:11.439Z] [runtime-status] [9064] Resolved module firebase-functions {"declared":true,"installed":true,"version":"3.13.2","resolution":"C:\\Users\\LBM\\Desktop\\web\\VueJS\\shopvue\\functions\\node_modules\\firebase-functions\\lib\\index.js"} {"metadata":{"emulator":{"name":"functions"},"message":"[runtime-status] [9064] Resolved module firebase-functions {\"declared\":true,\"installed\":true,\"version\":\"3.13.2\",\"resolution\":\"C:\\\\Users\\\\LBM\\\\Desktop\\\\web\\\\VueJS\\\\shopvue\\\\functions\\\\node_modules\\\\firebase-functions\\\\lib\\\\index.js\"}"}}
[debug] [2021-04-10T21:57:11.450Z] [runtime-status] [9064] Resolved module firebase-admin {"declared":true,"installed":true,"version":"9.5.0","resolution":"C:\\Users\\LBM\\Desktop\\web\\VueJS\\shopvue\\functions\\node_modules\\firebase-admin\\lib\\index.js"} {"metadata":{"emulator":{"name":"functions"},"message":"[runtime-status] [9064] Resolved module firebase-admin {\"declared\":true,\"installed\":true,\"version\":\"9.5.0\",\"resolution\":\"C:\\\\Users\\\\LBM\\\\Desktop\\\\web\\\\VueJS\\\\shopvue\\\\functions\\\\node_modules\\\\firebase-admin\\\\lib\\\\index.js\"}"}}
[debug] [2021-04-10T21:57:11.456Z] [runtime-status] [9064] Resolved module firebase-functions {"declared":true,"installed":true,"version":"3.13.2","resolution":"C:\\Users\\LBM\\Desktop\\web\\VueJS\\shopvue\\functions\\node_modules\\firebase-functions\\lib\\index.js"} {"metadata":{"emulator":{"name":"functions"},"message":"[runtime-status] [9064] Resolved module firebase-functions {\"declared\":true,\"installed\":true,\"version\":\"3.13.2\",\"resolution\":\"C:\\\\Users\\\\LBM\\\\Desktop\\\\web\\\\VueJS\\\\shopvue\\\\functions\\\\node_modules\\\\firebase-functions\\\\lib\\\\index.js\"}"}}
[debug] [2021-04-10T21:57:11.458Z] [runtime-status] [9064] firebase-admin has been stubbed. {"adminResolution":{"declared":true,"installed":true,"version":"9.5.0","resolution":"C:\\Users\\LBM\\Desktop\\web\\VueJS\\shopvue\\functions\\node_modules\\firebase-admin\\lib\\index.js"}} {"metadata":{"emulator":{"name":"functions"},"message":"[runtime-status] [9064] firebase-admin has been stubbed. {\"adminResolution\":{\"declared\":true,\"installed\":true,\"version\":\"9.5.0\",\"resolution\":\"C:\\\\Users\\\\LBM\\\\Desktop\\\\web\\\\VueJS\\\\shopvue\\\\functions\\\\node_modules\\\\firebase-admin\\\\lib\\\\index.js\"}}"}}
[debug] [2021-04-10T21:57:12.469Z] [worker-~diagnostic~-0df21a40-c29d-4f81-a0d8-4a2af94e3fed]: IDLE {"metadata":{"emulator":{"name":"functions"},"message":"[worker-~diagnostic~-0df21a40-c29d-4f81-a0d8-4a2af94e3fed]: IDLE"}}
[debug] [2021-04-10T21:57:14.172Z] File C:\Users\LBM\Desktop\web\VueJS\shopvue\functions\index.js changed, reloading triggers {"metadata":{"emulator":{"name":"functions"},"message":"File C:\\Users\\LBM\\Desktop\\web\\VueJS\\shopvue\\functions\\index.js changed, reloading triggers"}}
[debug] [2021-04-10T21:57:15.198Z] [worker-pool] Shutting down IDLE worker (~diagnostic~) {"metadata":{"emulator":{"name":"functions"},"message":"[worker-pool] Shutting down IDLE worker (~diagnostic~)"}}
[debug] [2021-04-10T21:57:15.199Z] [worker-~diagnostic~-0df21a40-c29d-4f81-a0d8-4a2af94e3fed]: FINISHING {"metadata":{"emulator":{"name":"functions"},"message":"[worker-~diagnostic~-0df21a40-c29d-4f81-a0d8-4a2af94e3fed]: FINISHING"}}
[debug] [2021-04-10T21:57:15.203Z] [worker-pool] Cleaned up workers for ~diagnostic~: 2 --> 1 {"metadata":{"emulator":{"name":"functions"},"message":"[worker-pool] Cleaned up workers for ~diagnostic~: 2 --> 1"}}
[debug] [2021-04-10T21:57:15.303Z] [worker-pool] addWorker(~diagnostic~) {"metadata":{"emulator":{"name":"functions"},"message":"[worker-pool] addWorker(~diagnostic~)"}}
[debug] [2021-04-10T21:57:15.304Z] [worker-pool] Adding worker with key ~diagnostic~, total=2 {"metadata":{"emulator":{"name":"functions"},"message":"[worker-pool] Adding worker with key ~diagnostic~, total=2"}}
[debug] [2021-04-10T21:57:15.305Z] [worker-pool] submitWork(triggerId=) {"metadata":{"emulator":{"name":"functions"},"message":"[worker-pool] submitWork(triggerId=)"}}
[debug] [2021-04-10T21:57:15.306Z] [worker-~diagnostic~-a2e30341-044c-41e2-b13a-65295a208683]: Assigning socketPath: \\?\pipe\C:\Users\LBM\Desktop\web\VueJS\shopvue\functions\12552 {"metadata":{"emulator":{"name":"functions"},"message":"[worker-~diagnostic~-a2e30341-044c-41e2-b13a-65295a208683]: Assigning socketPath: \\\\?\\pipe\\C:\\Users\\LBM\\Desktop\\web\\VueJS\\shopvue\\functions\\12552"}}
[debug] [2021-04-10T21:57:15.307Z] [worker-~diagnostic~-a2e30341-044c-41e2-b13a-65295a208683]: BUSY {"metadata":{"emulator":{"name":"functions"},"message":"[worker-~diagnostic~-a2e30341-044c-41e2-b13a-65295a208683]: BUSY"}}
[debug] [2021-04-10T21:57:15.315Z] [worker-~diagnostic~-0df21a40-c29d-4f81-a0d8-4a2af94e3fed]: exited {"metadata":{"emulator":{"name":"functions"},"message":"[worker-~diagnostic~-0df21a40-c29d-4f81-a0d8-4a2af94e3fed]: exited"}}
[debug] [2021-04-10T21:57:15.316Z] [worker-~diagnostic~-0df21a40-c29d-4f81-a0d8-4a2af94e3fed]: FINISHED {"metadata":{"emulator":{"name":"functions"},"message":"[worker-~diagnostic~-0df21a40-c29d-4f81-a0d8-4a2af94e3fed]: FINISHED"}}
[debug] [2021-04-10T21:57:15.951Z] File C:\Users\LBM\Desktop\web\VueJS\shopvue\functions\index.js changed, reloading triggers {"metadata":{"emulator":{"name":"functions"},"message":"File C:\\Users\\LBM\\Desktop\\web\\VueJS\\shopvue\\functions\\index.js changed, reloading triggers"}}
[debug] [2021-04-10T21:57:16.996Z] [worker-pool] Marking BUSY worker to finish (~diagnostic~) {"metadata":{"emulator":{"name":"functions"},"message":"[worker-pool] Marking BUSY worker to finish (~diagnostic~)"}}
[debug] [2021-04-10T21:57:16.997Z] [worker-~diagnostic~-a2e30341-044c-41e2-b13a-65295a208683]: FINISHING {"metadata":{"emulator":{"name":"functions"},"message":"[worker-~diagnostic~-a2e30341-044c-41e2-b13a-65295a208683]: FINISHING"}}
[debug] [2021-04-10T21:57:16.998Z] [worker-pool] Cleaned up workers for ~diagnostic~: 2 --> 1 {"metadata":{"emulator":{"name":"functions"},"message":"[worker-pool] Cleaned up workers for ~diagnostic~: 2 --> 1"}}
[debug] [2021-04-10T21:57:17.129Z] [worker-pool] addWorker(~diagnostic~) {"metadata":{"emulator":{"name":"functions"},"message":"[worker-pool] addWorker(~diagnostic~)"}}
[debug] [2021-04-10T21:57:17.132Z] [worker-pool] Adding worker with key ~diagnostic~, total=2 {"metadata":{"emulator":{"name":"functions"},"message":"[worker-pool] Adding worker with key ~diagnostic~, total=2"}}
[debug] [2021-04-10T21:57:17.133Z] [worker-pool] submitWork(triggerId=) {"metadata":{"emulator":{"name":"functions"},"message":"[worker-pool] submitWork(triggerId=)"}}
[debug] [2021-04-10T21:57:17.134Z] [worker-~diagnostic~-1bf06242-9b40-4ed8-ad8a-a16ec0c63b1d]: Assigning socketPath: \\?\pipe\C:\Users\LBM\Desktop\web\VueJS\shopvue\functions\8312 {"metadata":{"emulator":{"name":"functions"},"message":"[worker-~diagnostic~-1bf06242-9b40-4ed8-ad8a-a16ec0c63b1d]: Assigning socketPath: \\\\?\\pipe\\C:\\Users\\LBM\\Desktop\\web\\VueJS\\shopvue\\functions\\8312"}}
[debug] [2021-04-10T21:57:17.135Z] [worker-~diagnostic~-1bf06242-9b40-4ed8-ad8a-a16ec0c63b1d]: BUSY {"metadata":{"emulator":{"name":"functions"},"message":"[worker-~diagnostic~-1bf06242-9b40-4ed8-ad8a-a16ec0c63b1d]: BUSY"}}
[debug] [2021-04-10T21:57:18.317Z] File C:\Users\LBM\Desktop\web\VueJS\shopvue\functions\index.js changed, reloading triggers {"metadata":{"emulator":{"name":"functions"},"message":"File C:\\Users\\LBM\\Desktop\\web\\VueJS\\shopvue\\functions\\index.js changed, reloading triggers"}}
[debug] [2021-04-10T21:57:19.395Z] [worker-pool] Marking BUSY worker to finish (~diagnostic~) {"metadata":{"emulator":{"name":"functions"},"message":"[worker-pool] Marking BUSY worker to finish (~diagnostic~)"}}
[debug] [2021-04-10T21:57:19.396Z] [worker-~diagnostic~-1bf06242-9b40-4ed8-ad8a-a16ec0c63b1d]: FINISHING {"metadata":{"emulator":{"name":"functions"},"message":"[worker-~diagnostic~-1bf06242-9b40-4ed8-ad8a-a16ec0c63b1d]: FINISHING"}}
[debug] [2021-04-10T21:57:19.487Z] [worker-pool] addWorker(~diagnostic~) {"metadata":{"emulator":{"name":"functions"},"message":"[worker-pool] addWorker(~diagnostic~)"}}
[debug] [2021-04-10T21:57:19.488Z] [worker-pool] Adding worker with key ~diagnostic~, total=3 {"metadata":{"emulator":{"name":"functions"},"message":"[worker-pool] Adding worker with key ~diagnostic~, total=3"}}
[debug] [2021-04-10T21:57:19.489Z] [worker-pool] submitWork(triggerId=) {"metadata":{"emulator":{"name":"functions"},"message":"[worker-pool] submitWork(triggerId=)"}}
[debug] [2021-04-10T21:57:19.490Z] [worker-~diagnostic~-1f9299bb-3603-4d5d-b4fc-951fdb04f4ae]: Assigning socketPath: \\?\pipe\C:\Users\LBM\Desktop\web\VueJS\shopvue\functions\12020 {"metadata":{"emulator":{"name":"functions"},"message":"[worker-~diagnostic~-1f9299bb-3603-4d5d-b4fc-951fdb04f4ae]: Assigning socketPath: \\\\?\\pipe\\C:\\Users\\LBM\\Desktop\\web\\VueJS\\shopvue\\functions\\12020"}}
[debug] [2021-04-10T21:57:19.491Z] [worker-~diagnostic~-1f9299bb-3603-4d5d-b4fc-951fdb04f4ae]: BUSY {"metadata":{"emulator":{"name":"functions"},"message":"[worker-~diagnostic~-1f9299bb-3603-4d5d-b4fc-951fdb04f4ae]: BUSY"}}
[debug] [2021-04-10T21:57:20.316Z] [runtime-status] [12552] Functions runtime initialized. {"cwd":"C:\\Users\\LBM\\Desktop\\web\\VueJS\\shopvue\\functions","node_version":"12.18.3"} {"metadata":{"emulator":{"name":"functions"},"message":"[runtime-status] [12552] Functions runtime initialized. {\"cwd\":\"C:\\\\Users\\\\LBM\\\\Desktop\\\\web\\\\VueJS\\\\shopvue\\\\functions\",\"node_version\":\"12.18.3\"}"}}
[debug] [2021-04-10T21:57:20.328Z] [runtime-status] [12552] Disabled runtime features: undefined {"metadata":{"emulator":{"name":"functions"},"message":"[runtime-status] [12552] Disabled runtime features: undefined"}}
[debug] [2021-04-10T21:57:20.392Z] [runtime-status] [12552] Resolved module firebase-admin {"declared":true,"installed":true,"version":"9.5.0","resolution":"C:\\Users\\LBM\\Desktop\\web\\VueJS\\shopvue\\functions\\node_modules\\firebase-admin\\lib\\index.js"} {"metadata":{"emulator":{"name":"functions"},"message":"[runtime-status] [12552] Resolved module firebase-admin {\"declared\":true,\"installed\":true,\"version\":\"9.5.0\",\"resolution\":\"C:\\\\Users\\\\LBM\\\\Desktop\\\\web\\\\VueJS\\\\shopvue\\\\functions\\\\node_modules\\\\firebase-admin\\\\lib\\\\index.js\"}"}}
[debug] [2021-04-10T21:57:20.445Z] [runtime-status] [12552] Resolved module firebase-functions {"declared":true,"installed":true,"version":"3.13.2","resolution":"C:\\Users\\LBM\\Desktop\\web\\VueJS\\shopvue\\functions\\node_modules\\firebase-functions\\lib\\index.js"} {"metadata":{"emulator":{"name":"functions"},"message":"[runtime-status] [12552] Resolved module firebase-functions {\"declared\":true,\"installed\":true,\"version\":\"3.13.2\",\"resolution\":\"C:\\\\Users\\\\LBM\\\\Desktop\\\\web\\\\VueJS\\\\shopvue\\\\functions\\\\node_modules\\\\firebase-functions\\\\lib\\\\index.js\"}"}}
[debug] [2021-04-10T21:57:20.454Z] [runtime-status] [12552] Resolved module firebase-functions {"declared":true,"installed":true,"version":"3.13.2","resolution":"C:\\Users\\LBM\\Desktop\\web\\VueJS\\shopvue\\functions\\node_modules\\firebase-functions\\lib\\index.js"} {"metadata":{"emulator":{"name":"functions"},"message":"[runtime-status] [12552] Resolved module firebase-functions {\"declared\":true,\"installed\":true,\"version\":\"3.13.2\",\"resolution\":\"C:\\\\Users\\\\LBM\\\\Desktop\\\\web\\\\VueJS\\\\shopvue\\\\functions\\\\node_modules\\\\firebase-functions\\\\lib\\\\index.js\"}"}}
[debug] [2021-04-10T21:57:20.471Z] [runtime-status] [12552] Outgoing network have been stubbed. [{"name":"http","status":"mocked"},{"name":"http","status":"mocked"},{"name":"https","status":"mocked"},{"name":"https","status":"mocked"},{"name":"net","status":"mocked"}] {"metadata":{"emulator":{"name":"functions"},"message":"[runtime-status] [12552] Outgoing network have been stubbed. [{\"name\":\"http\",\"status\":\"mocked\"},{\"name\":\"http\",\"status\":\"mocked\"},{\"name\":\"https\",\"status\":\"mocked\"},{\"name\":\"https\",\"status\":\"mocked\"},{\"name\":\"net\",\"status\":\"mocked\"}]"}}
[debug] [2021-04-10T21:57:20.496Z] [runtime-status] [12552] Resolved module firebase-functions {"declared":true,"installed":true,"version":"3.13.2","resolution":"C:\\Users\\LBM\\Desktop\\web\\VueJS\\shopvue\\functions\\node_modules\\firebase-functions\\lib\\index.js"} {"metadata":{"emulator":{"name":"functions"},"message":"[runtime-status] [12552] Resolved module firebase-functions {\"declared\":true,\"installed\":true,\"version\":\"3.13.2\",\"resolution\":\"C:\\\\Users\\\\LBM\\\\Desktop\\\\web\\\\VueJS\\\\shopvue\\\\functions\\\\node_modules\\\\firebase-functions\\\\lib\\\\index.js\"}"}}
[debug] [2021-04-10T21:57:21.609Z] [runtime-status] [12552] Checked functions.config() {"config":{}} {"metadata":{"emulator":{"name":"functions"},"message":"[runtime-status] [12552] Checked functions.config() {\"config\":{}}"}}
[debug] [2021-04-10T21:57:21.611Z] [runtime-status] [12552] firebase-functions has been stubbed. {"functionsResolution":{"declared":true,"installed":true,"version":"3.13.2","resolution":"C:\\Users\\LBM\\Desktop\\web\\VueJS\\shopvue\\functions\\node_modules\\firebase-functions\\lib\\index.js"}} {"metadata":{"emulator":{"name":"functions"},"message":"[runtime-status] [12552] firebase-functions has been stubbed. {\"functionsResolution\":{\"declared\":true,\"installed\":true,\"version\":\"3.13.2\",\"resolution\":\"C:\\\\Users\\\\LBM\\\\Desktop\\\\web\\\\VueJS\\\\shopvue\\\\functions\\\\node_modules\\\\firebase-functions\\\\lib\\\\index.js\"}}"}}
[debug] [2021-04-10T21:57:21.616Z] [runtime-status] [12552] Resolved module firebase-functions {"declared":true,"installed":true,"version":"3.13.2","resolution":"C:\\Users\\LBM\\Desktop\\web\\VueJS\\shopvue\\functions\\node_modules\\firebase-functions\\lib\\index.js"} {"metadata":{"emulator":{"name":"functions"},"message":"[runtime-status] [12552] Resolved module firebase-functions {\"declared\":true,\"installed\":true,\"version\":\"3.13.2\",\"resolution\":\"C:\\\\Users\\\\LBM\\\\Desktop\\\\web\\\\VueJS\\\\shopvue\\\\functions\\\\node_modules\\\\firebase-functions\\\\lib\\\\index.js\"}"}}
[debug] [2021-04-10T21:57:21.629Z] [runtime-status] [12552] Resolved module firebase-admin {"declared":true,"installed":true,"version":"9.5.0","resolution":"C:\\Users\\LBM\\Desktop\\web\\VueJS\\shopvue\\functions\\node_modules\\firebase-admin\\lib\\index.js"} {"metadata":{"emulator":{"name":"functions"},"message":"[runtime-status] [12552] Resolved module firebase-admin {\"declared\":true,\"installed\":true,\"version\":\"9.5.0\",\"resolution\":\"C:\\\\Users\\\\LBM\\\\Desktop\\\\web\\\\VueJS\\\\shopvue\\\\functions\\\\node_modules\\\\firebase-admin\\\\lib\\\\index.js\"}"}}
[debug] [2021-04-10T21:57:21.634Z] [runtime-status] [12552] Resolved module firebase-functions {"declared":true,"installed":true,"version":"3.13.2","resolution":"C:\\Users\\LBM\\Desktop\\web\\VueJS\\shopvue\\functions\\node_modules\\firebase-functions\\lib\\index.js"} {"metadata":{"emulator":{"name":"functions"},"message":"[runtime-status] [12552] Resolved module firebase-functions {\"declared\":true,\"installed\":true,\"version\":\"3.13.2\",\"resolution\":\"C:\\\\Users\\\\LBM\\\\Desktop\\\\web\\\\VueJS\\\\shopvue\\\\functions\\\\node_modules\\\\firebase-functions\\\\lib\\\\index.js\"}"}}
[debug] [2021-04-10T21:57:21.636Z] [runtime-status] [12552] firebase-admin has been stubbed. {"adminResolution":{"declared":true,"installed":true,"version":"9.5.0","resolution":"C:\\Users\\LBM\\Desktop\\web\\VueJS\\shopvue\\functions\\node_modules\\firebase-admin\\lib\\index.js"}} {"metadata":{"emulator":{"name":"functions"},"message":"[runtime-status] [12552] firebase-admin has been stubbed. {\"adminResolution\":{\"declared\":true,\"installed\":true,\"version\":\"9.5.0\",\"resolution\":\"C:\\\\Users\\\\LBM\\\\Desktop\\\\web\\\\VueJS\\\\shopvue\\\\functions\\\\node_modules\\\\firebase-admin\\\\lib\\\\index.js\"}}"}}
[warn] !  C:\Users\LBM\Desktop\web\VueJS\shopvue\functions\index.js:33
      };
      ^

SyntaxError: missing ) after argument list
    at wrapSafe (internal/modules/cjs/loader.js:1053:16)
    at Module._compile (internal/modules/cjs/loader.js:1101:27)
    at Object.Module._extensions..js (internal/modules/cjs/loader.js:1157:10)
    at Module.load (internal/modules/cjs/loader.js:985:32)
    at Function.Module._load (internal/modules/cjs/loader.js:878:14)
    at Module.require (internal/modules/cjs/loader.js:1025:19)
    at require (internal/modules/cjs/helpers.js:72:18)
    at initializeRuntime (C:\Users\LBM\AppData\Roaming\npm\node_modules\firebase-tools\lib\emulator\functionsEmulatorRuntime.js:678:29)
    at processTicksAndRejections (internal/process/task_queues.js:97:5)
    at async handleMessage (C:\Users\LBM\AppData\Roaming\npm\node_modules\firebase-tools\lib\emulator\functionsEmulatorRuntime.js:716:20) {"metadata":{"emulator":{"name":"functions"},"message":"C:\\Users\\LBM\\Desktop\\web\\VueJS\\shopvue\\functions\\index.js:33\n      };\n      ^\n\nSyntaxError: missing ) after argument list\n    at wrapSafe (internal/modules/cjs/loader.js:1053:16)\n    at Module._compile (internal/modules/cjs/loader.js:1101:27)\n    at Object.Module._extensions..js (internal/modules/cjs/loader.js:1157:10)\n    at Module.load (internal/modules/cjs/loader.js:985:32)\n    at Function.Module._load (internal/modules/cjs/loader.js:878:14)\n    at Module.require (internal/modules/cjs/loader.js:1025:19)\n    at require (internal/modules/cjs/helpers.js:72:18)\n    at initializeRuntime (C:\\Users\\LBM\\AppData\\Roaming\\npm\\node_modules\\firebase-tools\\lib\\emulator\\functionsEmulatorRuntime.js:678:29)\n    at processTicksAndRejections (internal/process/task_queues.js:97:5)\n    at async handleMessage (C:\\Users\\LBM\\AppData\\Roaming\\npm\\node_modules\\firebase-tools\\lib\\emulator\\functionsEmulatorRuntime.js:716:20)"}}
[warn] !  We were unable to load your functions code. (see above) {"metadata":{"emulator":{"name":"functions"}}}
[debug] [2021-04-10T21:57:22.099Z] [worker-~diagnostic~-a2e30341-044c-41e2-b13a-65295a208683]: exited {"metadata":{"emulator":{"name":"functions"},"message":"[worker-~diagnostic~-a2e30341-044c-41e2-b13a-65295a208683]: exited"}}
[debug] [2021-04-10T21:57:22.100Z] [worker-~diagnostic~-a2e30341-044c-41e2-b13a-65295a208683]: FINISHED {"metadata":{"emulator":{"name":"functions"},"message":"[worker-~diagnostic~-a2e30341-044c-41e2-b13a-65295a208683]: FINISHED"}}
[debug] [2021-04-10T21:57:22.416Z] [runtime-status] [8312] Functions runtime initialized. {"cwd":"C:\\Users\\LBM\\Desktop\\web\\VueJS\\shopvue\\functions","node_version":"12.18.3"} {"metadata":{"emulator":{"name":"functions"},"message":"[runtime-status] [8312] Functions runtime initialized. {\"cwd\":\"C:\\\\Users\\\\LBM\\\\Desktop\\\\web\\\\VueJS\\\\shopvue\\\\functions\",\"node_version\":\"12.18.3\"}"}}
[debug] [2021-04-10T21:57:22.458Z] [runtime-status] [8312] Disabled runtime features: undefined {"metadata":{"emulator":{"name":"functions"},"message":"[runtime-status] [8312] Disabled runtime features: undefined"}}
[debug] [2021-04-10T21:57:22.511Z] [runtime-status] [8312] Resolved module firebase-admin {"declared":true,"installed":true,"version":"9.5.0","resolution":"C:\\Users\\LBM\\Desktop\\web\\VueJS\\shopvue\\functions\\node_modules\\firebase-admin\\lib\\index.js"} {"metadata":{"emulator":{"name":"functions"},"message":"[runtime-status] [8312] Resolved module firebase-admin {\"declared\":true,\"installed\":true,\"version\":\"9.5.0\",\"resolution\":\"C:\\\\Users\\\\LBM\\\\Desktop\\\\web\\\\VueJS\\\\shopvue\\\\functions\\\\node_modules\\\\firebase-admin\\\\lib\\\\index.js\"}"}}
[debug] [2021-04-10T21:57:22.527Z] [runtime-status] [8312] Resolved module firebase-functions {"declared":true,"installed":true,"version":"3.13.2","resolution":"C:\\Users\\LBM\\Desktop\\web\\VueJS\\shopvue\\functions\\node_modules\\firebase-functions\\lib\\index.js"} {"metadata":{"emulator":{"name":"functions"},"message":"[runtime-status] [8312] Resolved module firebase-functions {\"declared\":true,\"installed\":true,\"version\":\"3.13.2\",\"resolution\":\"C:\\\\Users\\\\LBM\\\\Desktop\\\\web\\\\VueJS\\\\shopvue\\\\functions\\\\node_modules\\\\firebase-functions\\\\lib\\\\index.js\"}"}}
[debug] [2021-04-10T21:57:22.535Z] [runtime-status] [8312] Resolved module firebase-functions {"declared":true,"installed":true,"version":"3.13.2","resolution":"C:\\Users\\LBM\\Desktop\\web\\VueJS\\shopvue\\functions\\node_modules\\firebase-functions\\lib\\index.js"} {"metadata":{"emulator":{"name":"functions"},"message":"[runtime-status] [8312] Resolved module firebase-functions {\"declared\":true,\"installed\":true,\"version\":\"3.13.2\",\"resolution\":\"C:\\\\Users\\\\LBM\\\\Desktop\\\\web\\\\VueJS\\\\shopvue\\\\functions\\\\node_modules\\\\firebase-functions\\\\lib\\\\index.js\"}"}}
[debug] [2021-04-10T21:57:22.561Z] [runtime-status] [8312] Outgoing network have been stubbed. [{"name":"http","status":"mocked"},{"name":"http","status":"mocked"},{"name":"https","status":"mocked"},{"name":"https","status":"mocked"},{"name":"net","status":"mocked"}] {"metadata":{"emulator":{"name":"functions"},"message":"[runtime-status] [8312] Outgoing network have been stubbed. [{\"name\":\"http\",\"status\":\"mocked\"},{\"name\":\"http\",\"status\":\"mocked\"},{\"name\":\"https\",\"status\":\"mocked\"},{\"name\":\"https\",\"status\":\"mocked\"},{\"name\":\"net\",\"status\":\"mocked\"}]"}}
[debug] [2021-04-10T21:57:22.567Z] [runtime-status] [8312] Resolved module firebase-functions {"declared":true,"installed":true,"version":"3.13.2","resolution":"C:\\Users\\LBM\\Desktop\\web\\VueJS\\shopvue\\functions\\node_modules\\firebase-functions\\lib\\index.js"} {"metadata":{"emulator":{"name":"functions"},"message":"[runtime-status] [8312] Resolved module firebase-functions {\"declared\":true,\"installed\":true,\"version\":\"3.13.2\",\"resolution\":\"C:\\\\Users\\\\LBM\\\\Desktop\\\\web\\\\VueJS\\\\shopvue\\\\functions\\\\node_modules\\\\firebase-functions\\\\lib\\\\index.js\"}"}}
[debug] [2021-04-10T21:57:23.377Z] [runtime-status] [8312] Checked functions.config() {"config":{}} {"metadata":{"emulator":{"name":"functions"},"message":"[runtime-status] [8312] Checked functions.config() {\"config\":{}}"}}
[debug] [2021-04-10T21:57:23.380Z] [runtime-status] [8312] firebase-functions has been stubbed. {"functionsResolution":{"declared":true,"installed":true,"version":"3.13.2","resolution":"C:\\Users\\LBM\\Desktop\\web\\VueJS\\shopvue\\functions\\node_modules\\firebase-functions\\lib\\index.js"}} {"metadata":{"emulator":{"name":"functions"},"message":"[runtime-status] [8312] firebase-functions has been stubbed. {\"functionsResolution\":{\"declared\":true,\"installed\":true,\"version\":\"3.13.2\",\"resolution\":\"C:\\\\Users\\\\LBM\\\\Desktop\\\\web\\\\VueJS\\\\shopvue\\\\functions\\\\node_modules\\\\firebase-functions\\\\lib\\\\index.js\"}}"}}
[debug] [2021-04-10T21:57:23.386Z] [runtime-status] [8312] Resolved module firebase-functions {"declared":true,"installed":true,"version":"3.13.2","resolution":"C:\\Users\\LBM\\Desktop\\web\\VueJS\\shopvue\\functions\\node_modules\\firebase-functions\\lib\\index.js"} {"metadata":{"emulator":{"name":"functions"},"message":"[runtime-status] [8312] Resolved module firebase-functions {\"declared\":true,\"installed\":true,\"version\":\"3.13.2\",\"resolution\":\"C:\\\\Users\\\\LBM\\\\Desktop\\\\web\\\\VueJS\\\\shopvue\\\\functions\\\\node_modules\\\\firebase-functions\\\\lib\\\\index.js\"}"}}
[debug] [2021-04-10T21:57:23.426Z] [runtime-status] [8312] Resolved module firebase-admin {"declared":true,"installed":true,"version":"9.5.0","resolution":"C:\\Users\\LBM\\Desktop\\web\\VueJS\\shopvue\\functions\\node_modules\\firebase-admin\\lib\\index.js"} {"metadata":{"emulator":{"name":"functions"},"message":"[runtime-status] [8312] Resolved module firebase-admin {\"declared\":true,\"installed\":true,\"version\":\"9.5.0\",\"resolution\":\"C:\\\\Users\\\\LBM\\\\Desktop\\\\web\\\\VueJS\\\\shopvue\\\\functions\\\\node_modules\\\\firebase-admin\\\\lib\\\\index.js\"}"}}
[debug] [2021-04-10T21:57:23.433Z] [runtime-status] [8312] Resolved module firebase-functions {"declared":true,"installed":true,"version":"3.13.2","resolution":"C:\\Users\\LBM\\Desktop\\web\\VueJS\\shopvue\\functions\\node_modules\\firebase-functions\\lib\\index.js"} {"metadata":{"emulator":{"name":"functions"},"message":"[runtime-status] [8312] Resolved module firebase-functions {\"declared\":true,\"installed\":true,\"version\":\"3.13.2\",\"resolution\":\"C:\\\\Users\\\\LBM\\\\Desktop\\\\web\\\\VueJS\\\\shopvue\\\\functions\\\\node_modules\\\\firebase-functions\\\\lib\\\\index.js\"}"}}
[debug] [2021-04-10T21:57:23.435Z] [runtime-status] [8312] firebase-admin has been stubbed. {"adminResolution":{"declared":true,"installed":true,"version":"9.5.0","resolution":"C:\\Users\\LBM\\Desktop\\web\\VueJS\\shopvue\\functions\\node_modules\\firebase-admin\\lib\\index.js"}} {"metadata":{"emulator":{"name":"functions"},"message":"[runtime-status] [8312] firebase-admin has been stubbed. {\"adminResolution\":{\"declared\":true,\"installed\":true,\"version\":\"9.5.0\",\"resolution\":\"C:\\\\Users\\\\LBM\\\\Desktop\\\\web\\\\VueJS\\\\shopvue\\\\functions\\\\node_modules\\\\firebase-admin\\\\lib\\\\index.js\"}}"}}
[warn] !  C:\Users\LBM\Desktop\web\VueJS\shopvue\functions\index.js:33
      };
      ^

SyntaxError: missing ) after argument list
    at wrapSafe (internal/modules/cjs/loader.js:1053:16)
    at Module._compile (internal/modules/cjs/loader.js:1101:27)
    at Object.Module._extensions..js (internal/modules/cjs/loader.js:1157:10)
    at Module.load (internal/modules/cjs/loader.js:985:32)
    at Function.Module._load (internal/modules/cjs/loader.js:878:14)
    at Module.require (internal/modules/cjs/loader.js:1025:19)
    at require (internal/modules/cjs/helpers.js:72:18)
    at initializeRuntime (C:\Users\LBM\AppData\Roaming\npm\node_modules\firebase-tools\lib\emulator\functionsEmulatorRuntime.js:678:29)
    at processTicksAndRejections (internal/process/task_queues.js:97:5)
    at async handleMessage (C:\Users\LBM\AppData\Roaming\npm\node_modules\firebase-tools\lib\emulator\functionsEmulatorRuntime.js:716:20) {"metadata":{"emulator":{"name":"functions"},"message":"C:\\Users\\LBM\\Desktop\\web\\VueJS\\shopvue\\functions\\index.js:33\n      };\n      ^\n\nSyntaxError: missing ) after argument list\n    at wrapSafe (internal/modules/cjs/loader.js:1053:16)\n    at Module._compile (internal/modules/cjs/loader.js:1101:27)\n    at Object.Module._extensions..js (internal/modules/cjs/loader.js:1157:10)\n    at Module.load (internal/modules/cjs/loader.js:985:32)\n    at Function.Module._load (internal/modules/cjs/loader.js:878:14)\n    at Module.require (internal/modules/cjs/loader.js:1025:19)\n    at require (internal/modules/cjs/helpers.js:72:18)\n    at initializeRuntime (C:\\Users\\LBM\\AppData\\Roaming\\npm\\node_modules\\firebase-tools\\lib\\emulator\\functionsEmulatorRuntime.js:678:29)\n    at processTicksAndRejections (internal/process/task_queues.js:97:5)\n    at async handleMessage (C:\\Users\\LBM\\AppData\\Roaming\\npm\\node_modules\\firebase-tools\\lib\\emulator\\functionsEmulatorRuntime.js:716:20)"}}
[warn] !  We were unable to load your functions code. (see above) {"metadata":{"emulator":{"name":"functions"}}}
[debug] [2021-04-10T21:57:23.825Z] [worker-~diagnostic~-1bf06242-9b40-4ed8-ad8a-a16ec0c63b1d]: exited {"metadata":{"emulator":{"name":"functions"},"message":"[worker-~diagnostic~-1bf06242-9b40-4ed8-ad8a-a16ec0c63b1d]: exited"}}
[debug] [2021-04-10T21:57:23.826Z] [worker-~diagnostic~-1bf06242-9b40-4ed8-ad8a-a16ec0c63b1d]: FINISHED {"metadata":{"emulator":{"name":"functions"},"message":"[worker-~diagnostic~-1bf06242-9b40-4ed8-ad8a-a16ec0c63b1d]: FINISHED"}}
[debug] [2021-04-10T21:57:25.225Z] [runtime-status] [12020] Functions runtime initialized. {"cwd":"C:\\Users\\LBM\\Desktop\\web\\VueJS\\shopvue\\functions","node_version":"12.18.3"} {"metadata":{"emulator":{"name":"functions"},"message":"[runtime-status] [12020] Functions runtime initialized. {\"cwd\":\"C:\\\\Users\\\\LBM\\\\Desktop\\\\web\\\\VueJS\\\\shopvue\\\\functions\",\"node_version\":\"12.18.3\"}"}}
[debug] [2021-04-10T21:57:25.247Z] [runtime-status] [12020] Disabled runtime features: undefined {"metadata":{"emulator":{"name":"functions"},"message":"[runtime-status] [12020] Disabled runtime features: undefined"}}
[debug] [2021-04-10T21:57:25.283Z] [runtime-status] [12020] Resolved module firebase-admin {"declared":true,"installed":true,"version":"9.5.0","resolution":"C:\\Users\\LBM\\Desktop\\web\\VueJS\\shopvue\\functions\\node_modules\\firebase-admin\\lib\\index.js"} {"metadata":{"emulator":{"name":"functions"},"message":"[runtime-status] [12020] Resolved module firebase-admin {\"declared\":true,\"installed\":true,\"version\":\"9.5.0\",\"resolution\":\"C:\\\\Users\\\\LBM\\\\Desktop\\\\web\\\\VueJS\\\\shopvue\\\\functions\\\\node_modules\\\\firebase-admin\\\\lib\\\\index.js\"}"}}
[debug] [2021-04-10T21:57:25.304Z] [runtime-status] [12020] Resolved module firebase-functions {"declared":true,"installed":true,"version":"3.13.2","resolution":"C:\\Users\\LBM\\Desktop\\web\\VueJS\\shopvue\\functions\\node_modules\\firebase-functions\\lib\\index.js"} {"metadata":{"emulator":{"name":"functions"},"message":"[runtime-status] [12020] Resolved module firebase-functions {\"declared\":true,\"installed\":true,\"version\":\"3.13.2\",\"resolution\":\"C:\\\\Users\\\\LBM\\\\Desktop\\\\web\\\\VueJS\\\\shopvue\\\\functions\\\\node_modules\\\\firebase-functions\\\\lib\\\\index.js\"}"}}
[debug] [2021-04-10T21:57:25.327Z] [runtime-status] [12020] Resolved module firebase-functions {"declared":true,"installed":true,"version":"3.13.2","resolution":"C:\\Users\\LBM\\Desktop\\web\\VueJS\\shopvue\\functions\\node_modules\\firebase-functions\\lib\\index.js"} {"metadata":{"emulator":{"name":"functions"},"message":"[runtime-status] [12020] Resolved module firebase-functions {\"declared\":true,\"installed\":true,\"version\":\"3.13.2\",\"resolution\":\"C:\\\\Users\\\\LBM\\\\Desktop\\\\web\\\\VueJS\\\\shopvue\\\\functions\\\\node_modules\\\\firebase-functions\\\\lib\\\\index.js\"}"}}
[debug] [2021-04-10T21:57:25.339Z] [runtime-status] [12020] Outgoing network have been stubbed. [{"name":"http","status":"mocked"},{"name":"http","status":"mocked"},{"name":"https","status":"mocked"},{"name":"https","status":"mocked"},{"name":"net","status":"mocked"}] {"metadata":{"emulator":{"name":"functions"},"message":"[runtime-status] [12020] Outgoing network have been stubbed. [{\"name\":\"http\",\"status\":\"mocked\"},{\"name\":\"http\",\"status\":\"mocked\"},{\"name\":\"https\",\"status\":\"mocked\"},{\"name\":\"https\",\"status\":\"mocked\"},{\"name\":\"net\",\"status\":\"mocked\"}]"}}
[debug] [2021-04-10T21:57:25.345Z] [runtime-status] [12020] Resolved module firebase-functions {"declared":true,"installed":true,"version":"3.13.2","resolution":"C:\\Users\\LBM\\Desktop\\web\\VueJS\\shopvue\\functions\\node_modules\\firebase-functions\\lib\\index.js"} {"metadata":{"emulator":{"name":"functions"},"message":"[runtime-status] [12020] Resolved module firebase-functions {\"declared\":true,\"installed\":true,\"version\":\"3.13.2\",\"resolution\":\"C:\\\\Users\\\\LBM\\\\Desktop\\\\web\\\\VueJS\\\\shopvue\\\\functions\\\\node_modules\\\\firebase-functions\\\\lib\\\\index.js\"}"}}
[debug] [2021-04-10T21:57:25.897Z] [runtime-status] [12020] Checked functions.config() {"config":{}} {"metadata":{"emulator":{"name":"functions"},"message":"[runtime-status] [12020] Checked functions.config() {\"config\":{}}"}}
[debug] [2021-04-10T21:57:25.900Z] [runtime-status] [12020] firebase-functions has been stubbed. {"functionsResolution":{"declared":true,"installed":true,"version":"3.13.2","resolution":"C:\\Users\\LBM\\Desktop\\web\\VueJS\\shopvue\\functions\\node_modules\\firebase-functions\\lib\\index.js"}} {"metadata":{"emulator":{"name":"functions"},"message":"[runtime-status] [12020] firebase-functions has been stubbed. {\"functionsResolution\":{\"declared\":true,\"installed\":true,\"version\":\"3.13.2\",\"resolution\":\"C:\\\\Users\\\\LBM\\\\Desktop\\\\web\\\\VueJS\\\\shopvue\\\\functions\\\\node_modules\\\\firebase-functions\\\\lib\\\\index.js\"}}"}}
[debug] [2021-04-10T21:57:25.914Z] [runtime-status] [12020] Resolved module firebase-functions {"declared":true,"installed":true,"version":"3.13.2","resolution":"C:\\Users\\LBM\\Desktop\\web\\VueJS\\shopvue\\functions\\node_modules\\firebase-functions\\lib\\index.js"} {"metadata":{"emulator":{"name":"functions"},"message":"[runtime-status] [12020] Resolved module firebase-functions {\"declared\":true,\"installed\":true,\"version\":\"3.13.2\",\"resolution\":\"C:\\\\Users\\\\LBM\\\\Desktop\\\\web\\\\VueJS\\\\shopvue\\\\functions\\\\node_modules\\\\firebase-functions\\\\lib\\\\index.js\"}"}}
[debug] [2021-04-10T21:57:25.924Z] [runtime-status] [12020] Resolved module firebase-admin {"declared":true,"installed":true,"version":"9.5.0","resolution":"C:\\Users\\LBM\\Desktop\\web\\VueJS\\shopvue\\functions\\node_modules\\firebase-admin\\lib\\index.js"} {"metadata":{"emulator":{"name":"functions"},"message":"[runtime-status] [12020] Resolved module firebase-admin {\"declared\":true,\"installed\":true,\"version\":\"9.5.0\",\"resolution\":\"C:\\\\Users\\\\LBM\\\\Desktop\\\\web\\\\VueJS\\\\shopvue\\\\functions\\\\node_modules\\\\firebase-admin\\\\lib\\\\index.js\"}"}}
[debug] [2021-04-10T21:57:25.930Z] [runtime-status] [12020] Resolved module firebase-functions {"declared":true,"installed":true,"version":"3.13.2","resolution":"C:\\Users\\LBM\\Desktop\\web\\VueJS\\shopvue\\functions\\node_modules\\firebase-functions\\lib\\index.js"} {"metadata":{"emulator":{"name":"functions"},"message":"[runtime-status] [12020] Resolved module firebase-functions {\"declared\":true,\"installed\":true,\"version\":\"3.13.2\",\"resolution\":\"C:\\\\Users\\\\LBM\\\\Desktop\\\\web\\\\VueJS\\\\shopvue\\\\functions\\\\node_modules\\\\firebase-functions\\\\lib\\\\index.js\"}"}}
[debug] [2021-04-10T21:57:25.935Z] [runtime-status] [12020] firebase-admin has been stubbed. {"adminResolution":{"declared":true,"installed":true,"version":"9.5.0","resolution":"C:\\Users\\LBM\\Desktop\\web\\VueJS\\shopvue\\functions\\node_modules\\firebase-admin\\lib\\index.js"}} {"metadata":{"emulator":{"name":"functions"},"message":"[runtime-status] [12020] firebase-admin has been stubbed. {\"adminResolution\":{\"declared\":true,\"installed\":true,\"version\":\"9.5.0\",\"resolution\":\"C:\\\\Users\\\\LBM\\\\Desktop\\\\web\\\\VueJS\\\\shopvue\\\\functions\\\\node_modules\\\\firebase-admin\\\\lib\\\\index.js\"}}"}}
[warn] !  C:\Users\LBM\Desktop\web\VueJS\shopvue\functions\index.js:33
      };
      ^

SyntaxError: missing ) after argument list
    at wrapSafe (internal/modules/cjs/loader.js:1053:16)
    at Module._compile (internal/modules/cjs/loader.js:1101:27)
    at Object.Module._extensions..js (internal/modules/cjs/loader.js:1157:10)
    at Module.load (internal/modules/cjs/loader.js:985:32)
    at Function.Module._load (internal/modules/cjs/loader.js:878:14)
    at Module.require (internal/modules/cjs/loader.js:1025:19)
    at require (internal/modules/cjs/helpers.js:72:18)
    at initializeRuntime (C:\Users\LBM\AppData\Roaming\npm\node_modules\firebase-tools\lib\emulator\functionsEmulatorRuntime.js:678:29)
    at processTicksAndRejections (internal/process/task_queues.js:97:5)
    at async handleMessage (C:\Users\LBM\AppData\Roaming\npm\node_modules\firebase-tools\lib\emulator\functionsEmulatorRuntime.js:716:20) {"metadata":{"emulator":{"name":"functions"},"message":"C:\\Users\\LBM\\Desktop\\web\\VueJS\\shopvue\\functions\\index.js:33\n      };\n      ^\n\nSyntaxError: missing ) after argument list\n    at wrapSafe (internal/modules/cjs/loader.js:1053:16)\n    at Module._compile (internal/modules/cjs/loader.js:1101:27)\n    at Object.Module._extensions..js (internal/modules/cjs/loader.js:1157:10)\n    at Module.load (internal/modules/cjs/loader.js:985:32)\n    at Function.Module._load (internal/modules/cjs/loader.js:878:14)\n    at Module.require (internal/modules/cjs/loader.js:1025:19)\n    at require (internal/modules/cjs/helpers.js:72:18)\n    at initializeRuntime (C:\\Users\\LBM\\AppData\\Roaming\\npm\\node_modules\\firebase-tools\\lib\\emulator\\functionsEmulatorRuntime.js:678:29)\n    at processTicksAndRejections (internal/process/task_queues.js:97:5)\n    at async handleMessage (C:\\Users\\LBM\\AppData\\Roaming\\npm\\node_modules\\firebase-tools\\lib\\emulator\\functionsEmulatorRuntime.js:716:20)"}}
[warn] !  We were unable to load your functions code. (see above) {"metadata":{"emulator":{"name":"functions"}}}
[debug] [2021-04-10T21:57:26.062Z] [worker-~diagnostic~-1f9299bb-3603-4d5d-b4fc-951fdb04f4ae]: exited {"metadata":{"emulator":{"name":"functions"},"message":"[worker-~diagnostic~-1f9299bb-3603-4d5d-b4fc-951fdb04f4ae]: exited"}}
[debug] [2021-04-10T21:57:26.064Z] [worker-~diagnostic~-1f9299bb-3603-4d5d-b4fc-951fdb04f4ae]: FINISHED {"metadata":{"emulator":{"name":"functions"},"message":"[worker-~diagnostic~-1f9299bb-3603-4d5d-b4fc-951fdb04f4ae]: FINISHED"}}
[debug] [2021-04-10T21:57:30.048Z] File C:\Users\LBM\Desktop\web\VueJS\shopvue\functions\index.js changed, reloading triggers {"metadata":{"emulator":{"name":"functions"},"message":"File C:\\Users\\LBM\\Desktop\\web\\VueJS\\shopvue\\functions\\index.js changed, reloading triggers"}}
[debug] [2021-04-10T21:57:30.697Z] File C:\Users\LBM\Desktop\web\VueJS\shopvue\functions\dist\index.dev.js changed, reloading triggers {"metadata":{"emulator":{"name":"functions"},"message":"File C:\\Users\\LBM\\Desktop\\web\\VueJS\\shopvue\\functions\\dist\\index.dev.js changed, reloading triggers"}}
[debug] [2021-04-10T21:57:31.753Z] [worker-pool] Cleaned up workers for ~diagnostic~: 3 --> 0 {"metadata":{"emulator":{"name":"functions"},"message":"[worker-pool] Cleaned up workers for ~diagnostic~: 3 --> 0"}}
[debug] [2021-04-10T21:57:31.841Z] [worker-pool] addWorker(~diagnostic~) {"metadata":{"emulator":{"name":"functions"},"message":"[worker-pool] addWorker(~diagnostic~)"}}
[debug] [2021-04-10T21:57:31.842Z] [worker-pool] Adding worker with key ~diagnostic~, total=1 {"metadata":{"emulator":{"name":"functions"},"message":"[worker-pool] Adding worker with key ~diagnostic~, total=1"}}
[debug] [2021-04-10T21:57:31.843Z] [worker-pool] submitWork(triggerId=) {"metadata":{"emulator":{"name":"functions"},"message":"[worker-pool] submitWork(triggerId=)"}}
[debug] [2021-04-10T21:57:31.844Z] [worker-~diagnostic~-af649c3a-3b21-4712-8a60-a25485d4af64]: Assigning socketPath: \\?\pipe\C:\Users\LBM\Desktop\web\VueJS\shopvue\functions\10284 {"metadata":{"emulator":{"name":"functions"},"message":"[worker-~diagnostic~-af649c3a-3b21-4712-8a60-a25485d4af64]: Assigning socketPath: \\\\?\\pipe\\C:\\Users\\LBM\\Desktop\\web\\VueJS\\shopvue\\functions\\10284"}}
[debug] [2021-04-10T21:57:31.845Z] [worker-~diagnostic~-af649c3a-3b21-4712-8a60-a25485d4af64]: BUSY {"metadata":{"emulator":{"name":"functions"},"message":"[worker-~diagnostic~-af649c3a-3b21-4712-8a60-a25485d4af64]: BUSY"}}
[debug] [2021-04-10T21:57:36.312Z] [runtime-status] [10284] Functions runtime initialized. {"cwd":"C:\\Users\\LBM\\Desktop\\web\\VueJS\\shopvue\\functions","node_version":"12.18.3"} {"metadata":{"emulator":{"name":"functions"},"message":"[runtime-status] [10284] Functions runtime initialized. {\"cwd\":\"C:\\\\Users\\\\LBM\\\\Desktop\\\\web\\\\VueJS\\\\shopvue\\\\functions\",\"node_version\":\"12.18.3\"}"}}
[debug] [2021-04-10T21:57:36.335Z] [runtime-status] [10284] Disabled runtime features: undefined {"metadata":{"emulator":{"name":"functions"},"message":"[runtime-status] [10284] Disabled runtime features: undefined"}}
[debug] [2021-04-10T21:57:36.399Z] [runtime-status] [10284] Resolved module firebase-admin {"declared":true,"installed":true,"version":"9.5.0","resolution":"C:\\Users\\LBM\\Desktop\\web\\VueJS\\shopvue\\functions\\node_modules\\firebase-admin\\lib\\index.js"} {"metadata":{"emulator":{"name":"functions"},"message":"[runtime-status] [10284] Resolved module firebase-admin {\"declared\":true,\"installed\":true,\"version\":\"9.5.0\",\"resolution\":\"C:\\\\Users\\\\LBM\\\\Desktop\\\\web\\\\VueJS\\\\shopvue\\\\functions\\\\node_modules\\\\firebase-admin\\\\lib\\\\index.js\"}"}}
[debug] [2021-04-10T21:57:36.418Z] [runtime-status] [10284] Resolved module firebase-functions {"declared":true,"installed":true,"version":"3.13.2","resolution":"C:\\Users\\LBM\\Desktop\\web\\VueJS\\shopvue\\functions\\node_modules\\firebase-functions\\lib\\index.js"} {"metadata":{"emulator":{"name":"functions"},"message":"[runtime-status] [10284] Resolved module firebase-functions {\"declared\":true,\"installed\":true,\"version\":\"3.13.2\",\"resolution\":\"C:\\\\Users\\\\LBM\\\\Desktop\\\\web\\\\VueJS\\\\shopvue\\\\functions\\\\node_modules\\\\firebase-functions\\\\lib\\\\index.js\"}"}}
[debug] [2021-04-10T21:57:36.432Z] [runtime-status] [10284] Resolved module firebase-functions {"declared":true,"installed":true,"version":"3.13.2","resolution":"C:\\Users\\LBM\\Desktop\\web\\VueJS\\shopvue\\functions\\node_modules\\firebase-functions\\lib\\index.js"} {"metadata":{"emulator":{"name":"functions"},"message":"[runtime-status] [10284] Resolved module firebase-functions {\"declared\":true,\"installed\":true,\"version\":\"3.13.2\",\"resolution\":\"C:\\\\Users\\\\LBM\\\\Desktop\\\\web\\\\VueJS\\\\shopvue\\\\functions\\\\node_modules\\\\firebase-functions\\\\lib\\\\index.js\"}"}}
[debug] [2021-04-10T21:57:36.451Z] [runtime-status] [10284] Outgoing network have been stubbed. [{"name":"http","status":"mocked"},{"name":"http","status":"mocked"},{"name":"https","status":"mocked"},{"name":"https","status":"mocked"},{"name":"net","status":"mocked"}] {"metadata":{"emulator":{"name":"functions"},"message":"[runtime-status] [10284] Outgoing network have been stubbed. [{\"name\":\"http\",\"status\":\"mocked\"},{\"name\":\"http\",\"status\":\"mocked\"},{\"name\":\"https\",\"status\":\"mocked\"},{\"name\":\"https\",\"status\":\"mocked\"},{\"name\":\"net\",\"status\":\"mocked\"}]"}}
[debug] [2021-04-10T21:57:36.457Z] [runtime-status] [10284] Resolved module firebase-functions {"declared":true,"installed":true,"version":"3.13.2","resolution":"C:\\Users\\LBM\\Desktop\\web\\VueJS\\shopvue\\functions\\node_modules\\firebase-functions\\lib\\index.js"} {"metadata":{"emulator":{"name":"functions"},"message":"[runtime-status] [10284] Resolved module firebase-functions {\"declared\":true,\"installed\":true,\"version\":\"3.13.2\",\"resolution\":\"C:\\\\Users\\\\LBM\\\\Desktop\\\\web\\\\VueJS\\\\shopvue\\\\functions\\\\node_modules\\\\firebase-functions\\\\lib\\\\index.js\"}"}}
[debug] [2021-04-10T21:57:37.290Z] [runtime-status] [10284] Checked functions.config() {"config":{}} {"metadata":{"emulator":{"name":"functions"},"message":"[runtime-status] [10284] Checked functions.config() {\"config\":{}}"}}
[debug] [2021-04-10T21:57:37.292Z] [runtime-status] [10284] firebase-functions has been stubbed. {"functionsResolution":{"declared":true,"installed":true,"version":"3.13.2","resolution":"C:\\Users\\LBM\\Desktop\\web\\VueJS\\shopvue\\functions\\node_modules\\firebase-functions\\lib\\index.js"}} {"metadata":{"emulator":{"name":"functions"},"message":"[runtime-status] [10284] firebase-functions has been stubbed. {\"functionsResolution\":{\"declared\":true,\"installed\":true,\"version\":\"3.13.2\",\"resolution\":\"C:\\\\Users\\\\LBM\\\\Desktop\\\\web\\\\VueJS\\\\shopvue\\\\functions\\\\node_modules\\\\firebase-functions\\\\lib\\\\index.js\"}}"}}
[debug] [2021-04-10T21:57:37.300Z] [runtime-status] [10284] Resolved module firebase-functions {"declared":true,"installed":true,"version":"3.13.2","resolution":"C:\\Users\\LBM\\Desktop\\web\\VueJS\\shopvue\\functions\\node_modules\\firebase-functions\\lib\\index.js"} {"metadata":{"emulator":{"name":"functions"},"message":"[runtime-status] [10284] Resolved module firebase-functions {\"declared\":true,\"installed\":true,\"version\":\"3.13.2\",\"resolution\":\"C:\\\\Users\\\\LBM\\\\Desktop\\\\web\\\\VueJS\\\\shopvue\\\\functions\\\\node_modules\\\\firebase-functions\\\\lib\\\\index.js\"}"}}
[debug] [2021-04-10T21:57:37.317Z] [runtime-status] [10284] Resolved module firebase-admin {"declared":true,"installed":true,"version":"9.5.0","resolution":"C:\\Users\\LBM\\Desktop\\web\\VueJS\\shopvue\\functions\\node_modules\\firebase-admin\\lib\\index.js"} {"metadata":{"emulator":{"name":"functions"},"message":"[runtime-status] [10284] Resolved module firebase-admin {\"declared\":true,\"installed\":true,\"version\":\"9.5.0\",\"resolution\":\"C:\\\\Users\\\\LBM\\\\Desktop\\\\web\\\\VueJS\\\\shopvue\\\\functions\\\\node_modules\\\\firebase-admin\\\\lib\\\\index.js\"}"}}
[debug] [2021-04-10T21:57:37.324Z] [runtime-status] [10284] Resolved module firebase-functions {"declared":true,"installed":true,"version":"3.13.2","resolution":"C:\\Users\\LBM\\Desktop\\web\\VueJS\\shopvue\\functions\\node_modules\\firebase-functions\\lib\\index.js"} {"metadata":{"emulator":{"name":"functions"},"message":"[runtime-status] [10284] Resolved module firebase-functions {\"declared\":true,\"installed\":true,\"version\":\"3.13.2\",\"resolution\":\"C:\\\\Users\\\\LBM\\\\Desktop\\\\web\\\\VueJS\\\\shopvue\\\\functions\\\\node_modules\\\\firebase-functions\\\\lib\\\\index.js\"}"}}
[debug] [2021-04-10T21:57:37.330Z] [runtime-status] [10284] firebase-admin has been stubbed. {"adminResolution":{"declared":true,"installed":true,"version":"9.5.0","resolution":"C:\\Users\\LBM\\Desktop\\web\\VueJS\\shopvue\\functions\\node_modules\\firebase-admin\\lib\\index.js"}} {"metadata":{"emulator":{"name":"functions"},"message":"[runtime-status] [10284] firebase-admin has been stubbed. {\"adminResolution\":{\"declared\":true,\"installed\":true,\"version\":\"9.5.0\",\"resolution\":\"C:\\\\Users\\\\LBM\\\\Desktop\\\\web\\\\VueJS\\\\shopvue\\\\functions\\\\node_modules\\\\firebase-admin\\\\lib\\\\index.js\"}}"}}
[debug] [2021-04-10T21:57:38.326Z] [worker-~diagnostic~-af649c3a-3b21-4712-8a60-a25485d4af64]: IDLE {"metadata":{"emulator":{"name":"functions"},"message":"[worker-~diagnostic~-af649c3a-3b21-4712-8a60-a25485d4af64]: IDLE"}}
[debug] [2021-04-10T22:01:01.516Z] [work-queue] {"queueLength":1,"workRunningCount":0}
[debug] [2021-04-10T22:01:01.556Z] [work-queue] {"queueLength":0,"workRunningCount":1}
[debug] [2021-04-10T22:01:01.790Z] Accepted request GET /shop-vue-c6c23/us-central1/CheckoutSession --> CheckoutSession
[debug] [2021-04-10T22:01:03.728Z] [worker-pool] addWorker(CheckoutSession) {"metadata":{"emulator":{"name":"functions"},"message":"[worker-pool] addWorker(CheckoutSession)"}}
[debug] [2021-04-10T22:01:03.730Z] [worker-pool] Adding worker with key CheckoutSession, total=1 {"metadata":{"emulator":{"name":"functions"},"message":"[worker-pool] Adding worker with key CheckoutSession, total=1"}}
[debug] [2021-04-10T22:01:03.730Z] [worker-pool] submitWork(triggerId=CheckoutSession) {"metadata":{"emulator":{"name":"functions"},"message":"[worker-pool] submitWork(triggerId=CheckoutSession)"}}
[debug] [2021-04-10T22:01:03.731Z] [worker-CheckoutSession-b5b935ea-dc4f-4cf4-92ae-8faaa76a6a0f]: Assigning socketPath: \\?\pipe\C:\Users\LBM\Desktop\web\VueJS\shopvue\functions\6756 {"metadata":{"emulator":{"name":"functions"},"message":"[worker-CheckoutSession-b5b935ea-dc4f-4cf4-92ae-8faaa76a6a0f]: Assigning socketPath: \\\\?\\pipe\\C:\\Users\\LBM\\Desktop\\web\\VueJS\\shopvue\\functions\\6756"}}
[debug] [2021-04-10T22:01:03.732Z] [worker-CheckoutSession-b5b935ea-dc4f-4cf4-92ae-8faaa76a6a0f]: BUSY {"metadata":{"emulator":{"name":"functions"},"message":"[worker-CheckoutSession-b5b935ea-dc4f-4cf4-92ae-8faaa76a6a0f]: BUSY"}}
[debug] [2021-04-10T22:01:20.373Z] [runtime-status] [6756] Functions runtime initialized. {"cwd":"C:\\Users\\LBM\\Desktop\\web\\VueJS\\shopvue\\functions","node_version":"12.18.3"} {"metadata":{"emulator":{"name":"functions"},"function":{"name":"CheckoutSession"},"message":"[runtime-status] [6756] Functions runtime initialized. {\"cwd\":\"C:\\\\Users\\\\LBM\\\\Desktop\\\\web\\\\VueJS\\\\shopvue\\\\functions\",\"node_version\":\"12.18.3\"}"}}
[debug] [2021-04-10T22:01:20.518Z] [runtime-status] [6756] Disabled runtime features: undefined {"metadata":{"emulator":{"name":"functions"},"function":{"name":"CheckoutSession"},"message":"[runtime-status] [6756] Disabled runtime features: undefined"}}
[debug] [2021-04-10T22:01:20.519Z] [runtime-status] [6756] Resolved module firebase-admin {"declared":true,"installed":true,"version":"9.5.0","resolution":"C:\\Users\\LBM\\Desktop\\web\\VueJS\\shopvue\\functions\\node_modules\\firebase-admin\\lib\\index.js"} {"metadata":{"emulator":{"name":"functions"},"function":{"name":"CheckoutSession"},"message":"[runtime-status] [6756] Resolved module firebase-admin {\"declared\":true,\"installed\":true,\"version\":\"9.5.0\",\"resolution\":\"C:\\\\Users\\\\LBM\\\\Desktop\\\\web\\\\VueJS\\\\shopvue\\\\functions\\\\node_modules\\\\firebase-admin\\\\lib\\\\index.js\"}"}}
[debug] [2021-04-10T22:01:20.560Z] [runtime-status] [6756] Resolved module firebase-functions {"declared":true,"installed":true,"version":"3.13.2","resolution":"C:\\Users\\LBM\\Desktop\\web\\VueJS\\shopvue\\functions\\node_modules\\firebase-functions\\lib\\index.js"} {"metadata":{"emulator":{"name":"functions"},"function":{"name":"CheckoutSession"},"message":"[runtime-status] [6756] Resolved module firebase-functions {\"declared\":true,\"installed\":true,\"version\":\"3.13.2\",\"resolution\":\"C:\\\\Users\\\\LBM\\\\Desktop\\\\web\\\\VueJS\\\\shopvue\\\\functions\\\\node_modules\\\\firebase-functions\\\\lib\\\\index.js\"}"}}
[debug] [2021-04-10T22:01:20.565Z] [runtime-status] [6756] Resolved module firebase-functions {"declared":true,"installed":true,"version":"3.13.2","resolution":"C:\\Users\\LBM\\Desktop\\web\\VueJS\\shopvue\\functions\\node_modules\\firebase-functions\\lib\\index.js"} {"metadata":{"emulator":{"name":"functions"},"function":{"name":"CheckoutSession"},"message":"[runtime-status] [6756] Resolved module firebase-functions {\"declared\":true,\"installed\":true,\"version\":\"3.13.2\",\"resolution\":\"C:\\\\Users\\\\LBM\\\\Desktop\\\\web\\\\VueJS\\\\shopvue\\\\functions\\\\node_modules\\\\firebase-functions\\\\lib\\\\index.js\"}"}}
[debug] [2021-04-10T22:01:20.574Z] [runtime-status] [6756] Outgoing network have been stubbed. [{"name":"http","status":"mocked"},{"name":"http","status":"mocked"},{"name":"https","status":"mocked"},{"name":"https","status":"mocked"},{"name":"net","status":"mocked"}] {"metadata":{"emulator":{"name":"functions"},"function":{"name":"CheckoutSession"},"message":"[runtime-status] [6756] Outgoing network have been stubbed. [{\"name\":\"http\",\"status\":\"mocked\"},{\"name\":\"http\",\"status\":\"mocked\"},{\"name\":\"https\",\"status\":\"mocked\"},{\"name\":\"https\",\"status\":\"mocked\"},{\"name\":\"net\",\"status\":\"mocked\"}]"}}
[debug] [2021-04-10T22:01:20.577Z] [runtime-status] [6756] Resolved module firebase-functions {"declared":true,"installed":true,"version":"3.13.2","resolution":"C:\\Users\\LBM\\Desktop\\web\\VueJS\\shopvue\\functions\\node_modules\\firebase-functions\\lib\\index.js"} {"metadata":{"emulator":{"name":"functions"},"function":{"name":"CheckoutSession"},"message":"[runtime-status] [6756] Resolved module firebase-functions {\"declared\":true,\"installed\":true,\"version\":\"3.13.2\",\"resolution\":\"C:\\\\Users\\\\LBM\\\\Desktop\\\\web\\\\VueJS\\\\shopvue\\\\functions\\\\node_modules\\\\firebase-functions\\\\lib\\\\index.js\"}"}}
[debug] [2021-04-10T22:01:23.544Z] [runtime-status] [6756] Checked functions.config() {"config":{}} {"metadata":{"emulator":{"name":"functions"},"function":{"name":"CheckoutSession"},"message":"[runtime-status] [6756] Checked functions.config() {\"config\":{}}"}}
[debug] [2021-04-10T22:01:23.546Z] [runtime-status] [6756] firebase-functions has been stubbed. {"functionsResolution":{"declared":true,"installed":true,"version":"3.13.2","resolution":"C:\\Users\\LBM\\Desktop\\web\\VueJS\\shopvue\\functions\\node_modules\\firebase-functions\\lib\\index.js"}} {"metadata":{"emulator":{"name":"functions"},"function":{"name":"CheckoutSession"},"message":"[runtime-status] [6756] firebase-functions has been stubbed. {\"functionsResolution\":{\"declared\":true,\"installed\":true,\"version\":\"3.13.2\",\"resolution\":\"C:\\\\Users\\\\LBM\\\\Desktop\\\\web\\\\VueJS\\\\shopvue\\\\functions\\\\node_modules\\\\firebase-functions\\\\lib\\\\index.js\"}}"}}
[debug] [2021-04-10T22:01:23.549Z] [runtime-status] [6756] Resolved module firebase-functions {"declared":true,"installed":true,"version":"3.13.2","resolution":"C:\\Users\\LBM\\Desktop\\web\\VueJS\\shopvue\\functions\\node_modules\\firebase-functions\\lib\\index.js"} {"metadata":{"emulator":{"name":"functions"},"function":{"name":"CheckoutSession"},"message":"[runtime-status] [6756] Resolved module firebase-functions {\"declared\":true,\"installed\":true,\"version\":\"3.13.2\",\"resolution\":\"C:\\\\Users\\\\LBM\\\\Desktop\\\\web\\\\VueJS\\\\shopvue\\\\functions\\\\node_modules\\\\firebase-functions\\\\lib\\\\index.js\"}"}}
[debug] [2021-04-10T22:01:23.557Z] [runtime-status] [6756] Resolved module firebase-admin {"declared":true,"installed":true,"version":"9.5.0","resolution":"C:\\Users\\LBM\\Desktop\\web\\VueJS\\shopvue\\functions\\node_modules\\firebase-admin\\lib\\index.js"} {"metadata":{"emulator":{"name":"functions"},"function":{"name":"CheckoutSession"},"message":"[runtime-status] [6756] Resolved module firebase-admin {\"declared\":true,\"installed\":true,\"version\":\"9.5.0\",\"resolution\":\"C:\\\\Users\\\\LBM\\\\Desktop\\\\web\\\\VueJS\\\\shopvue\\\\functions\\\\node_modules\\\\firebase-admin\\\\lib\\\\index.js\"}"}}
[debug] [2021-04-10T22:01:23.560Z] [runtime-status] [6756] Resolved module firebase-functions {"declared":true,"installed":true,"version":"3.13.2","resolution":"C:\\Users\\LBM\\Desktop\\web\\VueJS\\shopvue\\functions\\node_modules\\firebase-functions\\lib\\index.js"} {"metadata":{"emulator":{"name":"functions"},"function":{"name":"CheckoutSession"},"message":"[runtime-status] [6756] Resolved module firebase-functions {\"declared\":true,\"installed\":true,\"version\":\"3.13.2\",\"resolution\":\"C:\\\\Users\\\\LBM\\\\Desktop\\\\web\\\\VueJS\\\\shopvue\\\\functions\\\\node_modules\\\\firebase-functions\\\\lib\\\\index.js\"}"}}
[debug] [2021-04-10T22:01:23.562Z] [runtime-status] [6756] firebase-admin has been stubbed. {"adminResolution":{"declared":true,"installed":true,"version":"9.5.0","resolution":"C:\\Users\\LBM\\Desktop\\web\\VueJS\\shopvue\\functions\\node_modules\\firebase-admin\\lib\\index.js"}} {"metadata":{"emulator":{"name":"functions"},"function":{"name":"CheckoutSession"},"message":"[runtime-status] [6756] firebase-admin has been stubbed. {\"adminResolution\":{\"declared\":true,\"installed\":true,\"version\":\"9.5.0\",\"resolution\":\"C:\\\\Users\\\\LBM\\\\Desktop\\\\web\\\\VueJS\\\\shopvue\\\\functions\\\\node_modules\\\\firebase-admin\\\\lib\\\\index.js\"}}"}}
[debug] [2021-04-10T22:01:25.780Z] [runtime-status] [6756] Trigger "CheckoutSession" has been found, beginning invocation! {"metadata":{"emulator":{"name":"functions"},"function":{"name":"CheckoutSession"},"message":"[runtime-status] [6756] Trigger \"CheckoutSession\" has been found, beginning invocation!"}}
[info] i  functions: Beginning execution of "CheckoutSession" {"metadata":{"emulator":{"name":"functions"},"function":{"name":"CheckoutSession"},"message":"Beginning execution of \"CheckoutSession\""}}
[debug] [2021-04-10T22:01:25.976Z] [runtime-status] [6756] triggerDefinition {"httpsTrigger":{},"name":"CheckoutSession","entryPoint":"CheckoutSession"} {"metadata":{"emulator":{"name":"functions"},"function":{"name":"CheckoutSession"},"message":"[runtime-status] [6756] triggerDefinition {\"httpsTrigger\":{},\"name\":\"CheckoutSession\",\"entryPoint\":\"CheckoutSession\"}"}}
[debug] [2021-04-10T22:01:25.977Z] [runtime-status] [6756] Running CheckoutSession in mode HTTPS {"metadata":{"emulator":{"name":"functions"},"function":{"name":"CheckoutSession"},"message":"[runtime-status] [6756] Running CheckoutSession in mode HTTPS"}}
[debug] [2021-04-10T22:01:25.983Z] [runtime-status] [6756] Attempting to listen to socketPath: \\?\pipe\C:\Users\LBM\Desktop\web\VueJS\shopvue\functions\6756 {"metadata":{"emulator":{"name":"functions"},"function":{"name":"CheckoutSession"},"message":"[runtime-status] [6756] Attempting to listen to socketPath: \\\\?\\pipe\\C:\\Users\\LBM\\Desktop\\web\\VueJS\\shopvue\\functions\\6756"}}
[debug] [2021-04-10T22:01:29.167Z] [functions] Runtime ready! Sending request! {"metadata":{"emulator":{"name":"functions"},"message":"[functions] Runtime ready! Sending request!"}}
[debug] [2021-04-10T22:01:29.272Z] [functions] Got req.url=/shop-vue-c6c23/us-central1/CheckoutSession, mapping to path=/ {"metadata":{"emulator":{"name":"functions"},"message":"[functions] Got req.url=/shop-vue-c6c23/us-central1/CheckoutSession, mapping to path=/"}}
[debug] [2021-04-10T22:01:31.622Z] [runtime-status] [6756] Ephemeral server handling GET request {"metadata":{"emulator":{"name":"functions"},"function":{"name":"CheckoutSession"},"message":"[runtime-status] [6756] Ephemeral server handling GET request"}}
[debug] [2021-04-10T22:01:33.597Z] [runtime-status] [6756] Ephemeral server survived. {"metadata":{"emulator":{"name":"functions"},"function":{"name":"CheckoutSession"},"message":"[runtime-status] [6756] Ephemeral server survived."}}
[info] i  functions: Finished "CheckoutSession" in ~10s {"metadata":{"emulator":{"name":"functions"},"function":{"name":"CheckoutSession"},"message":"Finished \"CheckoutSession\" in ~10s"}}
[debug] [2021-04-10T22:01:39.556Z] [worker-CheckoutSession-b5b935ea-dc4f-4cf4-92ae-8faaa76a6a0f]: IDLE {"metadata":{"emulator":{"name":"functions"},"message":"[worker-CheckoutSession-b5b935ea-dc4f-4cf4-92ae-8faaa76a6a0f]: IDLE"}}
[debug] [2021-04-10T22:01:39.584Z] [work-queue] {"queueLength":0,"workRunningCount":0}
[debug] [2021-04-10T22:02:40.015Z] [work-queue] {"queueLength":1,"workRunningCount":0}
[debug] [2021-04-10T22:02:40.095Z] [work-queue] {"queueLength":0,"workRunningCount":1}
[debug] [2021-04-10T22:02:40.096Z] Accepted request GET /shop-vue-c6c23/us-central1/CheckoutSession --> CheckoutSession
[debug] [2021-04-10T22:02:40.328Z] [worker-pool] submitWork(triggerId=CheckoutSession) {"metadata":{"emulator":{"name":"functions"},"message":"[worker-pool] submitWork(triggerId=CheckoutSession)"}}
[debug] [2021-04-10T22:02:40.329Z] [worker-CheckoutSession-b5b935ea-dc4f-4cf4-92ae-8faaa76a6a0f]: Assigning socketPath: \\?\pipe\C:\Users\LBM\Desktop\web\VueJS\shopvue\functions\6756 {"metadata":{"emulator":{"name":"functions"},"message":"[worker-CheckoutSession-b5b935ea-dc4f-4cf4-92ae-8faaa76a6a0f]: Assigning socketPath: \\\\?\\pipe\\C:\\Users\\LBM\\Desktop\\web\\VueJS\\shopvue\\functions\\6756"}}
[debug] [2021-04-10T22:02:40.329Z] [worker-CheckoutSession-b5b935ea-dc4f-4cf4-92ae-8faaa76a6a0f]: BUSY {"metadata":{"emulator":{"name":"functions"},"message":"[worker-CheckoutSession-b5b935ea-dc4f-4cf4-92ae-8faaa76a6a0f]: BUSY"}}
[debug] [2021-04-10T22:02:40.363Z] [runtime-status] [6756] Trigger "CheckoutSession" has been found, beginning invocation! {"metadata":{"emulator":{"name":"functions"},"function":{"name":"CheckoutSession"},"message":"[runtime-status] [6756] Trigger \"CheckoutSession\" has been found, beginning invocation!"}}
[info] i  functions: Beginning execution of "CheckoutSession" {"metadata":{"emulator":{"name":"functions"},"function":{"name":"CheckoutSession"},"message":"Beginning execution of \"CheckoutSession\""}}
[debug] [2021-04-10T22:02:40.376Z] [runtime-status] [6756] triggerDefinition {"httpsTrigger":{},"name":"CheckoutSession","entryPoint":"CheckoutSession"} {"metadata":{"emulator":{"name":"functions"},"function":{"name":"CheckoutSession"},"message":"[runtime-status] [6756] triggerDefinition {\"httpsTrigger\":{},\"name\":\"CheckoutSession\",\"entryPoint\":\"CheckoutSession\"}"}}
[debug] [2021-04-10T22:02:40.377Z] [runtime-status] [6756] Running CheckoutSession in mode HTTPS {"metadata":{"emulator":{"name":"functions"},"function":{"name":"CheckoutSession"},"message":"[runtime-status] [6756] Running CheckoutSession in mode HTTPS"}}
[debug] [2021-04-10T22:02:40.378Z] [runtime-status] [6756] Attempting to listen to socketPath: \\?\pipe\C:\Users\LBM\Desktop\web\VueJS\shopvue\functions\6756 {"metadata":{"emulator":{"name":"functions"},"function":{"name":"CheckoutSession"},"message":"[runtime-status] [6756] Attempting to listen to socketPath: \\\\?\\pipe\\C:\\Users\\LBM\\Desktop\\web\\VueJS\\shopvue\\functions\\6756"}}
[debug] [2021-04-10T22:02:41.005Z] [functions] Runtime ready! Sending request! {"metadata":{"emulator":{"name":"functions"},"message":"[functions] Runtime ready! Sending request!"}}
[debug] [2021-04-10T22:02:41.005Z] [functions] Got req.url=/shop-vue-c6c23/us-central1/CheckoutSession, mapping to path=/ {"metadata":{"emulator":{"name":"functions"},"message":"[functions] Got req.url=/shop-vue-c6c23/us-central1/CheckoutSession, mapping to path=/"}}
[debug] [2021-04-10T22:02:41.758Z] [runtime-status] [6756] Ephemeral server handling GET request {"metadata":{"emulator":{"name":"functions"},"function":{"name":"CheckoutSession"},"message":"[runtime-status] [6756] Ephemeral server handling GET request"}}
[debug] [2021-04-10T22:02:41.766Z] [runtime-status] [6756] Ephemeral server survived. {"metadata":{"emulator":{"name":"functions"},"function":{"name":"CheckoutSession"},"message":"[runtime-status] [6756] Ephemeral server survived."}}
[info] i  functions: Finished "CheckoutSession" in ~1s {"metadata":{"emulator":{"name":"functions"},"function":{"name":"CheckoutSession"},"message":"Finished \"CheckoutSession\" in ~1s"}}
[debug] [2021-04-10T22:02:42.832Z] [worker-CheckoutSession-b5b935ea-dc4f-4cf4-92ae-8faaa76a6a0f]: IDLE {"metadata":{"emulator":{"name":"functions"},"message":"[worker-CheckoutSession-b5b935ea-dc4f-4cf4-92ae-8faaa76a6a0f]: IDLE"}}
[debug] [2021-04-10T22:02:42.833Z] [work-queue] {"queueLength":0,"workRunningCount":0}
[debug] [2021-04-10T22:09:34.260Z] [work-queue] {"queueLength":1,"workRunningCount":0}
[debug] [2021-04-10T22:09:34.261Z] [work-queue] {"queueLength":0,"workRunningCount":1}
[debug] [2021-04-10T22:09:34.262Z] Accepted request POST /shop-vue-c6c23/us-central1/CheckoutSession --> CheckoutSession
[debug] [2021-04-10T22:09:34.325Z] [worker-pool] submitWork(triggerId=CheckoutSession) {"metadata":{"emulator":{"name":"functions"},"message":"[worker-pool] submitWork(triggerId=CheckoutSession)"}}
[debug] [2021-04-10T22:09:34.336Z] [worker-CheckoutSession-b5b935ea-dc4f-4cf4-92ae-8faaa76a6a0f]: Assigning socketPath: \\?\pipe\C:\Users\LBM\Desktop\web\VueJS\shopvue\functions\6756 {"metadata":{"emulator":{"name":"functions"},"message":"[worker-CheckoutSession-b5b935ea-dc4f-4cf4-92ae-8faaa76a6a0f]: Assigning socketPath: \\\\?\\pipe\\C:\\Users\\LBM\\Desktop\\web\\VueJS\\shopvue\\functions\\6756"}}
[debug] [2021-04-10T22:09:34.337Z] [worker-CheckoutSession-b5b935ea-dc4f-4cf4-92ae-8faaa76a6a0f]: BUSY {"metadata":{"emulator":{"name":"functions"},"message":"[worker-CheckoutSession-b5b935ea-dc4f-4cf4-92ae-8faaa76a6a0f]: BUSY"}}
[debug] [2021-04-10T22:09:34.338Z] [runtime-status] [6756] Trigger "CheckoutSession" has been found, beginning invocation! {"metadata":{"emulator":{"name":"functions"},"function":{"name":"CheckoutSession"},"message":"[runtime-status] [6756] Trigger \"CheckoutSession\" has been found, beginning invocation!"}}
[info] i  functions: Beginning execution of "CheckoutSession" {"metadata":{"emulator":{"name":"functions"},"function":{"name":"CheckoutSession"},"message":"Beginning execution of \"CheckoutSession\""}}
[debug] [2021-04-10T22:09:34.342Z] [runtime-status] [6756] triggerDefinition {"httpsTrigger":{},"name":"CheckoutSession","entryPoint":"CheckoutSession"} {"metadata":{"emulator":{"name":"functions"},"function":{"name":"CheckoutSession"},"message":"[runtime-status] [6756] triggerDefinition {\"httpsTrigger\":{},\"name\":\"CheckoutSession\",\"entryPoint\":\"CheckoutSession\"}"}}
[debug] [2021-04-10T22:09:34.343Z] [runtime-status] [6756] Running CheckoutSession in mode HTTPS {"metadata":{"emulator":{"name":"functions"},"function":{"name":"CheckoutSession"},"message":"[runtime-status] [6756] Running CheckoutSession in mode HTTPS"}}
[debug] [2021-04-10T22:09:34.345Z] [runtime-status] [6756] Attempting to listen to socketPath: \\?\pipe\C:\Users\LBM\Desktop\web\VueJS\shopvue\functions\6756 {"metadata":{"emulator":{"name":"functions"},"function":{"name":"CheckoutSession"},"message":"[runtime-status] [6756] Attempting to listen to socketPath: \\\\?\\pipe\\C:\\Users\\LBM\\Desktop\\web\\VueJS\\shopvue\\functions\\6756"}}
[debug] [2021-04-10T22:09:34.353Z] [functions] Runtime ready! Sending request! {"metadata":{"emulator":{"name":"functions"},"message":"[functions] Runtime ready! Sending request!"}}
[debug] [2021-04-10T22:09:34.354Z] [functions] Got req.url=/shop-vue-c6c23/us-central1/CheckoutSession, mapping to path=/ {"metadata":{"emulator":{"name":"functions"},"message":"[functions] Got req.url=/shop-vue-c6c23/us-central1/CheckoutSession, mapping to path=/"}}
[debug] [2021-04-10T22:09:34.366Z] [runtime-status] [6756] Ephemeral server handling POST request {"metadata":{"emulator":{"name":"functions"},"function":{"name":"CheckoutSession"},"message":"[runtime-status] [6756] Ephemeral server handling POST request"}}
[debug] [2021-04-10T22:09:34.373Z] [runtime-status] [6756] Ephemeral server survived. {"metadata":{"emulator":{"name":"functions"},"function":{"name":"CheckoutSession"},"message":"[runtime-status] [6756] Ephemeral server survived."}}
[info] i  functions: Finished "CheckoutSession" in ~1s {"metadata":{"emulator":{"name":"functions"},"function":{"name":"CheckoutSession"},"message":"Finished \"CheckoutSession\" in ~1s"}}
[debug] [2021-04-10T22:09:35.038Z] [worker-CheckoutSession-b5b935ea-dc4f-4cf4-92ae-8faaa76a6a0f]: IDLE {"metadata":{"emulator":{"name":"functions"},"message":"[worker-CheckoutSession-b5b935ea-dc4f-4cf4-92ae-8faaa76a6a0f]: IDLE"}}
[debug] [2021-04-10T22:09:35.040Z] [work-queue] {"queueLength":0,"workRunningCount":0}
[debug] [2021-04-10T22:19:29.285Z] [work-queue] {"queueLength":1,"workRunningCount":0}
[debug] [2021-04-10T22:19:29.554Z] [work-queue] {"queueLength":0,"workRunningCount":1}
[debug] [2021-04-10T22:19:29.556Z] Accepted request POST /shop-vue-c6c23/us-central1/CheckoutSession --> CheckoutSession
[debug] [2021-04-10T22:19:29.665Z] [worker-pool] submitWork(triggerId=CheckoutSession) {"metadata":{"emulator":{"name":"functions"},"message":"[worker-pool] submitWork(triggerId=CheckoutSession)"}}
[debug] [2021-04-10T22:19:29.667Z] [worker-CheckoutSession-b5b935ea-dc4f-4cf4-92ae-8faaa76a6a0f]: Assigning socketPath: \\?\pipe\C:\Users\LBM\Desktop\web\VueJS\shopvue\functions\6756 {"metadata":{"emulator":{"name":"functions"},"message":"[worker-CheckoutSession-b5b935ea-dc4f-4cf4-92ae-8faaa76a6a0f]: Assigning socketPath: \\\\?\\pipe\\C:\\Users\\LBM\\Desktop\\web\\VueJS\\shopvue\\functions\\6756"}}
[debug] [2021-04-10T22:19:29.670Z] [worker-CheckoutSession-b5b935ea-dc4f-4cf4-92ae-8faaa76a6a0f]: BUSY {"metadata":{"emulator":{"name":"functions"},"message":"[worker-CheckoutSession-b5b935ea-dc4f-4cf4-92ae-8faaa76a6a0f]: BUSY"}}
[debug] [2021-04-10T22:19:30.720Z] [runtime-status] [6756] Trigger "CheckoutSession" has been found, beginning invocation! {"metadata":{"emulator":{"name":"functions"},"function":{"name":"CheckoutSession"},"message":"[runtime-status] [6756] Trigger \"CheckoutSession\" has been found, beginning invocation!"}}
[info] i  functions: Beginning execution of "CheckoutSession" {"metadata":{"emulator":{"name":"functions"},"function":{"name":"CheckoutSession"},"message":"Beginning execution of \"CheckoutSession\""}}
[debug] [2021-04-10T22:19:30.878Z] [runtime-status] [6756] triggerDefinition {"httpsTrigger":{},"name":"CheckoutSession","entryPoint":"CheckoutSession"} {"metadata":{"emulator":{"name":"functions"},"function":{"name":"CheckoutSession"},"message":"[runtime-status] [6756] triggerDefinition {\"httpsTrigger\":{},\"name\":\"CheckoutSession\",\"entryPoint\":\"CheckoutSession\"}"}}
[debug] [2021-04-10T22:19:30.880Z] [runtime-status] [6756] Running CheckoutSession in mode HTTPS {"metadata":{"emulator":{"name":"functions"},"function":{"name":"CheckoutSession"},"message":"[runtime-status] [6756] Running CheckoutSession in mode HTTPS"}}
[debug] [2021-04-10T22:19:30.882Z] [runtime-status] [6756] Attempting to listen to socketPath: \\?\pipe\C:\Users\LBM\Desktop\web\VueJS\shopvue\functions\6756 {"metadata":{"emulator":{"name":"functions"},"function":{"name":"CheckoutSession"},"message":"[runtime-status] [6756] Attempting to listen to socketPath: \\\\?\\pipe\\C:\\Users\\LBM\\Desktop\\web\\VueJS\\shopvue\\functions\\6756"}}
[debug] [2021-04-10T22:19:31.403Z] [functions] Runtime ready! Sending request! {"metadata":{"emulator":{"name":"functions"},"message":"[functions] Runtime ready! Sending request!"}}
[debug] [2021-04-10T22:19:31.419Z] [functions] Got req.url=/shop-vue-c6c23/us-central1/CheckoutSession, mapping to path=/ {"metadata":{"emulator":{"name":"functions"},"message":"[functions] Got req.url=/shop-vue-c6c23/us-central1/CheckoutSession, mapping to path=/"}}
[debug] [2021-04-10T22:19:33.735Z] [runtime-status] [6756] Ephemeral server handling POST request {"metadata":{"emulator":{"name":"functions"},"function":{"name":"CheckoutSession"},"message":"[runtime-status] [6756] Ephemeral server handling POST request"}}
[debug] [2021-04-10T22:19:33.766Z] [runtime-status] [6756] Ephemeral server survived. {"metadata":{"emulator":{"name":"functions"},"function":{"name":"CheckoutSession"},"message":"[runtime-status] [6756] Ephemeral server survived."}}
[info] i  functions: Finished "CheckoutSession" in ~4s {"metadata":{"emulator":{"name":"functions"},"function":{"name":"CheckoutSession"},"message":"Finished \"CheckoutSession\" in ~4s"}}
[debug] [2021-04-10T22:19:34.836Z] [worker-CheckoutSession-b5b935ea-dc4f-4cf4-92ae-8faaa76a6a0f]: IDLE {"metadata":{"emulator":{"name":"functions"},"message":"[worker-CheckoutSession-b5b935ea-dc4f-4cf4-92ae-8faaa76a6a0f]: IDLE"}}
[debug] [2021-04-10T22:19:34.838Z] [work-queue] {"queueLength":0,"workRunningCount":0}
[debug] [2021-04-10T22:19:52.955Z] [work-queue] {"queueLength":1,"workRunningCount":0}
[debug] [2021-04-10T22:19:52.956Z] [work-queue] {"queueLength":0,"workRunningCount":1}
[debug] [2021-04-10T22:19:52.957Z] Accepted request POST /shop-vue-c6c23/us-central1/CheckoutSession --> CheckoutSession
[debug] [2021-04-10T22:19:53.042Z] [worker-pool] submitWork(triggerId=CheckoutSession) {"metadata":{"emulator":{"name":"functions"},"message":"[worker-pool] submitWork(triggerId=CheckoutSession)"}}
[debug] [2021-04-10T22:19:53.044Z] [worker-CheckoutSession-b5b935ea-dc4f-4cf4-92ae-8faaa76a6a0f]: Assigning socketPath: \\?\pipe\C:\Users\LBM\Desktop\web\VueJS\shopvue\functions\6756 {"metadata":{"emulator":{"name":"functions"},"message":"[worker-CheckoutSession-b5b935ea-dc4f-4cf4-92ae-8faaa76a6a0f]: Assigning socketPath: \\\\?\\pipe\\C:\\Users\\LBM\\Desktop\\web\\VueJS\\shopvue\\functions\\6756"}}
[debug] [2021-04-10T22:19:53.045Z] [worker-CheckoutSession-b5b935ea-dc4f-4cf4-92ae-8faaa76a6a0f]: BUSY {"metadata":{"emulator":{"name":"functions"},"message":"[worker-CheckoutSession-b5b935ea-dc4f-4cf4-92ae-8faaa76a6a0f]: BUSY"}}
[debug] [2021-04-10T22:19:53.049Z] [runtime-status] [6756] Trigger "CheckoutSession" has been found, beginning invocation! {"metadata":{"emulator":{"name":"functions"},"function":{"name":"CheckoutSession"},"message":"[runtime-status] [6756] Trigger \"CheckoutSession\" has been found, beginning invocation!"}}
[info] i  functions: Beginning execution of "CheckoutSession" {"metadata":{"emulator":{"name":"functions"},"function":{"name":"CheckoutSession"},"message":"Beginning execution of \"CheckoutSession\""}}
[debug] [2021-04-10T22:19:53.241Z] [runtime-status] [6756] triggerDefinition {"httpsTrigger":{},"name":"CheckoutSession","entryPoint":"CheckoutSession"} {"metadata":{"emulator":{"name":"functions"},"function":{"name":"CheckoutSession"},"message":"[runtime-status] [6756] triggerDefinition {\"httpsTrigger\":{},\"name\":\"CheckoutSession\",\"entryPoint\":\"CheckoutSession\"}"}}
[debug] [2021-04-10T22:19:53.263Z] [runtime-status] [6756] Running CheckoutSession in mode HTTPS {"metadata":{"emulator":{"name":"functions"},"function":{"name":"CheckoutSession"},"message":"[runtime-status] [6756] Running CheckoutSession in mode HTTPS"}}
[debug] [2021-04-10T22:19:53.265Z] [runtime-status] [6756] Attempting to listen to socketPath: \\?\pipe\C:\Users\LBM\Desktop\web\VueJS\shopvue\functions\6756 {"metadata":{"emulator":{"name":"functions"},"function":{"name":"CheckoutSession"},"message":"[runtime-status] [6756] Attempting to listen to socketPath: \\\\?\\pipe\\C:\\Users\\LBM\\Desktop\\web\\VueJS\\shopvue\\functions\\6756"}}
[debug] [2021-04-10T22:19:53.270Z] [functions] Runtime ready! Sending request! {"metadata":{"emulator":{"name":"functions"},"message":"[functions] Runtime ready! Sending request!"}}
[debug] [2021-04-10T22:19:53.271Z] [functions] Got req.url=/shop-vue-c6c23/us-central1/CheckoutSession, mapping to path=/ {"metadata":{"emulator":{"name":"functions"},"message":"[functions] Got req.url=/shop-vue-c6c23/us-central1/CheckoutSession, mapping to path=/"}}
[debug] [2021-04-10T22:19:53.401Z] [runtime-status] [6756] Ephemeral server handling POST request {"metadata":{"emulator":{"name":"functions"},"function":{"name":"CheckoutSession"},"message":"[runtime-status] [6756] Ephemeral server handling POST request"}}
[debug] [2021-04-10T22:19:53.491Z] [runtime-status] [6756] Ephemeral server survived. {"metadata":{"emulator":{"name":"functions"},"function":{"name":"CheckoutSession"},"message":"[runtime-status] [6756] Ephemeral server survived."}}
[info] i  functions: Finished "CheckoutSession" in ~1s {"metadata":{"emulator":{"name":"functions"},"function":{"name":"CheckoutSession"},"message":"Finished \"CheckoutSession\" in ~1s"}}
[debug] [2021-04-10T22:19:53.966Z] [worker-CheckoutSession-b5b935ea-dc4f-4cf4-92ae-8faaa76a6a0f]: IDLE {"metadata":{"emulator":{"name":"functions"},"message":"[worker-CheckoutSession-b5b935ea-dc4f-4cf4-92ae-8faaa76a6a0f]: IDLE"}}
[debug] [2021-04-10T22:19:53.967Z] [work-queue] {"queueLength":0,"workRunningCount":0}
[debug] [2021-04-10T22:24:47.043Z] [worker-CheckoutSession-b5b935ea-dc4f-4cf4-92ae-8faaa76a6a0f]: exited {"metadata":{"emulator":{"name":"functions"},"message":"[worker-CheckoutSession-b5b935ea-dc4f-4cf4-92ae-8faaa76a6a0f]: exited"}}
[debug] [2021-04-10T22:24:47.044Z] [worker-CheckoutSession-b5b935ea-dc4f-4cf4-92ae-8faaa76a6a0f]: FINISHED {"metadata":{"emulator":{"name":"functions"},"message":"[worker-CheckoutSession-b5b935ea-dc4f-4cf4-92ae-8faaa76a6a0f]: FINISHED"}}
[debug] [2021-04-10T22:24:48.381Z] [worker-~diagnostic~-af649c3a-3b21-4712-8a60-a25485d4af64]: exited {"metadata":{"emulator":{"name":"functions"},"message":"[worker-~diagnostic~-af649c3a-3b21-4712-8a60-a25485d4af64]: exited"}}
[debug] [2021-04-10T22:24:48.382Z] [worker-~diagnostic~-af649c3a-3b21-4712-8a60-a25485d4af64]: FINISHED {"metadata":{"emulator":{"name":"functions"},"message":"[worker-~diagnostic~-af649c3a-3b21-4712-8a60-a25485d4af64]: FINISHED"}}
